[ 2025-02-14 16:41:29,438 ] asyncio - DEBUG - Using proactor: IocpProactor
[ 2025-02-14 16:42:29,785 ] python_multipart.multipart - DEBUG - Calling on_field_start with no data
[ 2025-02-14 16:42:29,786 ] python_multipart.multipart - DEBUG - Calling on_field_name with data[0:9]
[ 2025-02-14 16:42:29,786 ] python_multipart.multipart - DEBUG - Calling on_field_data with data[10:16]
[ 2025-02-14 16:42:29,786 ] python_multipart.multipart - DEBUG - Calling on_field_end with no data
[ 2025-02-14 16:42:29,786 ] python_multipart.multipart - DEBUG - Calling on_field_start with no data
[ 2025-02-14 16:42:29,796 ] python_multipart.multipart - DEBUG - Calling on_field_name with data[17:38]
[ 2025-02-14 16:42:29,796 ] python_multipart.multipart - DEBUG - Calling on_field_data with data[39:49]
[ 2025-02-14 16:42:29,797 ] python_multipart.multipart - DEBUG - Calling on_field_end with no data
[ 2025-02-14 16:42:29,797 ] python_multipart.multipart - DEBUG - Calling on_field_start with no data
[ 2025-02-14 16:42:29,797 ] python_multipart.multipart - DEBUG - Calling on_field_name with data[50:68]
[ 2025-02-14 16:42:29,797 ] python_multipart.multipart - DEBUG - Calling on_field_data with data[69:70]
[ 2025-02-14 16:42:29,797 ] python_multipart.multipart - DEBUG - Calling on_field_end with no data
[ 2025-02-14 16:42:29,797 ] python_multipart.multipart - DEBUG - Calling on_field_start with no data
[ 2025-02-14 16:42:29,797 ] python_multipart.multipart - DEBUG - Calling on_field_name with data[71:92]
[ 2025-02-14 16:42:29,798 ] python_multipart.multipart - DEBUG - Calling on_field_data with data[93:94]
[ 2025-02-14 16:42:29,798 ] python_multipart.multipart - DEBUG - Calling on_field_end with no data
[ 2025-02-14 16:42:29,798 ] python_multipart.multipart - DEBUG - Calling on_field_start with no data
[ 2025-02-14 16:42:29,798 ] python_multipart.multipart - DEBUG - Calling on_field_name with data[95:110]
[ 2025-02-14 16:42:29,798 ] python_multipart.multipart - DEBUG - Calling on_field_data with data[111:116]
[ 2025-02-14 16:42:29,798 ] python_multipart.multipart - DEBUG - Calling on_field_end with no data
[ 2025-02-14 16:42:29,798 ] python_multipart.multipart - DEBUG - Calling on_field_start with no data
[ 2025-02-14 16:42:29,799 ] python_multipart.multipart - DEBUG - Calling on_field_name with data[117:137]
[ 2025-02-14 16:42:29,799 ] python_multipart.multipart - DEBUG - Calling on_field_data with data[138:147]
[ 2025-02-14 16:42:29,799 ] python_multipart.multipart - DEBUG - Calling on_field_end with no data
[ 2025-02-14 16:42:29,799 ] python_multipart.multipart - DEBUG - Calling on_field_start with no data
[ 2025-02-14 16:42:29,799 ] python_multipart.multipart - DEBUG - Calling on_field_name with data[148:163]
[ 2025-02-14 16:42:29,799 ] python_multipart.multipart - DEBUG - Calling on_field_data with data[164:167]
[ 2025-02-14 16:42:29,799 ] python_multipart.multipart - DEBUG - Calling on_field_end with no data
[ 2025-02-14 16:42:29,799 ] python_multipart.multipart - DEBUG - Calling on_field_start with no data
[ 2025-02-14 16:42:29,800 ] python_multipart.multipart - DEBUG - Calling on_field_name with data[168:180]
[ 2025-02-14 16:42:29,800 ] python_multipart.multipart - DEBUG - Calling on_field_data with data[181:185]
[ 2025-02-14 16:42:29,800 ] python_multipart.multipart - DEBUG - Calling on_field_end with no data
[ 2025-02-14 16:42:29,800 ] python_multipart.multipart - DEBUG - Calling on_field_start with no data
[ 2025-02-14 16:42:29,800 ] python_multipart.multipart - DEBUG - Calling on_field_name with data[186:204]
[ 2025-02-14 16:42:29,800 ] python_multipart.multipart - DEBUG - Calling on_field_data with data[205:206]
[ 2025-02-14 16:42:29,801 ] python_multipart.multipart - DEBUG - Calling on_field_end with no data
[ 2025-02-14 16:42:29,801 ] python_multipart.multipart - DEBUG - Calling on_field_start with no data
[ 2025-02-14 16:42:29,801 ] python_multipart.multipart - DEBUG - Calling on_field_name with data[207:218]
[ 2025-02-14 16:42:29,801 ] python_multipart.multipart - DEBUG - Calling on_field_data with data[219:221]
[ 2025-02-14 16:42:29,802 ] python_multipart.multipart - DEBUG - Calling on_field_end with no data
[ 2025-02-14 16:42:29,802 ] python_multipart.multipart - DEBUG - Calling on_end with no data
[ 2025-02-14 16:42:29,803 ] root - INFO - Entered get_usvisa_data_as_dict method as USvisaData class
[ 2025-02-14 16:42:29,803 ] root - INFO - Created usvisa data dict
[ 2025-02-14 16:42:29,803 ] root - INFO - Exited get_usvisa_data_as_dict method as USvisaData class
[ 2025-02-14 16:42:29,804 ] root - INFO - Entered predict method of USvisaClassifier class
[ 2025-02-14 16:42:29,806 ] botocore.hooks - DEBUG - Changing event name from creating-client-class.iot-data to creating-client-class.iot-data-plane
[ 2025-02-14 16:42:29,809 ] botocore.hooks - DEBUG - Changing event name from before-call.apigateway to before-call.api-gateway
[ 2025-02-14 16:42:29,810 ] botocore.hooks - DEBUG - Changing event name from request-created.machinelearning.Predict to request-created.machine-learning.Predict
[ 2025-02-14 16:42:29,812 ] botocore.hooks - DEBUG - Changing event name from before-parameter-build.autoscaling.CreateLaunchConfiguration to before-parameter-build.auto-scaling.CreateLaunchConfiguration
[ 2025-02-14 16:42:29,812 ] botocore.hooks - DEBUG - Changing event name from before-parameter-build.route53 to before-parameter-build.route-53
[ 2025-02-14 16:42:29,813 ] botocore.hooks - DEBUG - Changing event name from request-created.cloudsearchdomain.Search to request-created.cloudsearch-domain.Search
[ 2025-02-14 16:42:29,814 ] botocore.hooks - DEBUG - Changing event name from docs.*.autoscaling.CreateLaunchConfiguration.complete-section to docs.*.auto-scaling.CreateLaunchConfiguration.complete-section
[ 2025-02-14 16:42:29,819 ] botocore.hooks - DEBUG - Changing event name from before-parameter-build.logs.CreateExportTask to before-parameter-build.cloudwatch-logs.CreateExportTask
[ 2025-02-14 16:42:29,819 ] botocore.hooks - DEBUG - Changing event name from docs.*.logs.CreateExportTask.complete-section to docs.*.cloudwatch-logs.CreateExportTask.complete-section
[ 2025-02-14 16:42:29,819 ] botocore.hooks - DEBUG - Changing event name from before-parameter-build.cloudsearchdomain.Search to before-parameter-build.cloudsearch-domain.Search
[ 2025-02-14 16:42:29,820 ] botocore.hooks - DEBUG - Changing event name from docs.*.cloudsearchdomain.Search.complete-section to docs.*.cloudsearch-domain.Search.complete-section
[ 2025-02-14 16:42:29,931 ] botocore.loaders - DEBUG - Loading JSON file: C:\Users\Swapna\anaconda3\envs\visa\lib\site-packages\boto3\data\s3\2006-03-01\resources-1.json
[ 2025-02-14 16:42:29,936 ] botocore.loaders - DEBUG - Loading JSON file: C:\Users\Swapna\anaconda3\envs\visa\lib\site-packages\botocore\data\endpoints.json
[ 2025-02-14 16:42:29,972 ] botocore.loaders - DEBUG - Loading JSON file: C:\Users\Swapna\anaconda3\envs\visa\lib\site-packages\botocore\data\sdk-default-configuration.json
[ 2025-02-14 16:42:29,973 ] botocore.hooks - DEBUG - Event choose-service-name: calling handler <function handle_service_name_alias at 0x0000013A5061A670>
[ 2025-02-14 16:42:30,103 ] botocore.loaders - DEBUG - Loading JSON file: C:\Users\Swapna\anaconda3\envs\visa\lib\site-packages\botocore\data\s3\2006-03-01\service-2.json.gz
[ 2025-02-14 16:42:30,123 ] botocore.loaders - DEBUG - Loading JSON file: C:\Users\Swapna\anaconda3\envs\visa\lib\site-packages\botocore\data\s3\2006-03-01\service-2.sdk-extras.json
[ 2025-02-14 16:42:30,242 ] botocore.loaders - DEBUG - Loading JSON file: C:\Users\Swapna\anaconda3\envs\visa\lib\site-packages\botocore\data\s3\2006-03-01\endpoint-rule-set-1.json.gz
[ 2025-02-14 16:42:30,249 ] botocore.loaders - DEBUG - Loading JSON file: C:\Users\Swapna\anaconda3\envs\visa\lib\site-packages\botocore\data\partitions.json
[ 2025-02-14 16:42:30,255 ] botocore.hooks - DEBUG - Event creating-client-class.s3: calling handler <function add_generate_presigned_post at 0x0000013A505A3430>
[ 2025-02-14 16:42:30,255 ] botocore.hooks - DEBUG - Event creating-client-class.s3: calling handler <function lazy_call.<locals>._handler at 0x0000013A61B4D0D0>
[ 2025-02-14 16:42:30,257 ] botocore.hooks - DEBUG - Event creating-client-class.s3: calling handler <function add_generate_presigned_url at 0x0000013A505A31F0>
[ 2025-02-14 16:42:30,258 ] botocore.configprovider - DEBUG - Looking for endpoint for s3 via: environment_service
[ 2025-02-14 16:42:30,258 ] botocore.configprovider - DEBUG - Looking for endpoint for s3 via: environment_global
[ 2025-02-14 16:42:30,258 ] botocore.configprovider - DEBUG - Looking for endpoint for s3 via: config_service
[ 2025-02-14 16:42:30,259 ] botocore.configprovider - DEBUG - Looking for endpoint for s3 via: config_global
[ 2025-02-14 16:42:30,259 ] botocore.configprovider - DEBUG - No configured endpoint found.
[ 2025-02-14 16:42:30,263 ] botocore.endpoint - DEBUG - Setting s3 timeout as (60, 60)
[ 2025-02-14 16:42:30,270 ] botocore.loaders - DEBUG - Loading JSON file: C:\Users\Swapna\anaconda3\envs\visa\lib\site-packages\botocore\data\_retry.json
[ 2025-02-14 16:42:30,271 ] botocore.client - DEBUG - Registering retry handlers for service: s3
[ 2025-02-14 16:42:30,271 ] botocore.utils - DEBUG - Registering S3 region redirector handler
[ 2025-02-14 16:42:30,272 ] botocore.utils - DEBUG - Registering S3Express Identity Resolver
[ 2025-02-14 16:42:30,273 ] boto3.resources.factory - DEBUG - Loading s3:s3
[ 2025-02-14 16:42:30,275 ] botocore.hooks - DEBUG - Event choose-service-name: calling handler <function handle_service_name_alias at 0x0000013A5061A670>
[ 2025-02-14 16:42:30,279 ] botocore.hooks - DEBUG - Event creating-client-class.s3: calling handler <function add_generate_presigned_post at 0x0000013A505A3430>
[ 2025-02-14 16:42:30,279 ] botocore.hooks - DEBUG - Event creating-client-class.s3: calling handler <function lazy_call.<locals>._handler at 0x0000013A61B4D0D0>
[ 2025-02-14 16:42:30,279 ] botocore.hooks - DEBUG - Event creating-client-class.s3: calling handler <function add_generate_presigned_url at 0x0000013A505A31F0>
[ 2025-02-14 16:42:30,279 ] botocore.configprovider - DEBUG - Looking for endpoint for s3 via: environment_service
[ 2025-02-14 16:42:30,279 ] botocore.configprovider - DEBUG - Looking for endpoint for s3 via: environment_global
[ 2025-02-14 16:42:30,280 ] botocore.configprovider - DEBUG - Looking for endpoint for s3 via: config_service
[ 2025-02-14 16:42:30,280 ] botocore.configprovider - DEBUG - Looking for endpoint for s3 via: config_global
[ 2025-02-14 16:42:30,280 ] botocore.configprovider - DEBUG - No configured endpoint found.
[ 2025-02-14 16:42:30,285 ] botocore.endpoint - DEBUG - Setting s3 timeout as (60, 60)
[ 2025-02-14 16:42:30,289 ] botocore.client - DEBUG - Registering retry handlers for service: s3
[ 2025-02-14 16:42:30,290 ] botocore.utils - DEBUG - Registering S3 region redirector handler
[ 2025-02-14 16:42:30,291 ] botocore.utils - DEBUG - Registering S3Express Identity Resolver
[ 2025-02-14 16:42:30,291 ] root - INFO - Entered the load_model method of S3Operations class
[ 2025-02-14 16:42:30,291 ] root - INFO - Entered the get_file_object method of S3Operations class
[ 2025-02-14 16:42:30,292 ] root - INFO - Entered the get_bucket method of S3Operations class
[ 2025-02-14 16:42:30,292 ] boto3.resources.factory - DEBUG - Loading s3:Bucket
[ 2025-02-14 16:42:30,292 ] boto3.resources.model - DEBUG - Renaming Bucket attribute name
[ 2025-02-14 16:42:30,293 ] botocore.hooks - DEBUG - Event creating-resource-class.s3.Bucket: calling handler <function lazy_call.<locals>._handler at 0x0000013A61BC9E50>
[ 2025-02-14 16:42:30,294 ] root - INFO - Exited the get_bucket method of S3Operations class
[ 2025-02-14 16:42:30,392 ] botocore.loaders - DEBUG - Loading JSON file: C:\Users\Swapna\anaconda3\envs\visa\lib\site-packages\botocore\data\s3\2006-03-01\paginators-1.json
[ 2025-02-14 16:42:30,394 ] botocore.loaders - DEBUG - Loading JSON file: C:\Users\Swapna\anaconda3\envs\visa\lib\site-packages\botocore\data\s3\2006-03-01\paginators-1.sdk-extras.json
[ 2025-02-14 16:42:30,394 ] boto3.resources.collection - DEBUG - Calling paginated s3:list_objects with {'Bucket': 'usvisa-model2026', 'Prefix': 'model.pkl'}
[ 2025-02-14 16:42:30,395 ] botocore.hooks - DEBUG - Event before-parameter-build.s3.ListObjects: calling handler <function set_list_objects_encoding_type_url at 0x0000013A5063C0D0>
[ 2025-02-14 16:42:30,395 ] botocore.hooks - DEBUG - Event before-parameter-build.s3.ListObjects: calling handler <function validate_bucket_name at 0x0000013A50635DC0>
[ 2025-02-14 16:42:30,395 ] botocore.hooks - DEBUG - Event before-parameter-build.s3.ListObjects: calling handler <function remove_bucket_from_url_paths_from_model at 0x0000013A5063CCA0>
[ 2025-02-14 16:42:30,395 ] botocore.hooks - DEBUG - Event before-parameter-build.s3.ListObjects: calling handler <bound method S3RegionRedirectorv2.annotate_request_context of <botocore.utils.S3RegionRedirectorv2 object at 0x0000013A627823D0>>
[ 2025-02-14 16:42:30,396 ] botocore.hooks - DEBUG - Event before-parameter-build.s3.ListObjects: calling handler <bound method ClientCreator._inject_s3_input_parameters of <botocore.client.ClientCreator object at 0x0000013A61C2B610>>
[ 2025-02-14 16:42:30,396 ] botocore.hooks - DEBUG - Event before-parameter-build.s3.ListObjects: calling handler <function generate_idempotent_uuid at 0x0000013A50635C10>
[ 2025-02-14 16:42:30,396 ] botocore.hooks - DEBUG - Event before-parameter-build.s3.ListObjects: calling handler <function _handle_request_validation_mode_member at 0x0000013A5063D3A0>
[ 2025-02-14 16:42:30,396 ] botocore.hooks - DEBUG - Event before-endpoint-resolution.s3: calling handler <function customize_endpoint_resolver_builtins at 0x0000013A5063CE50>
[ 2025-02-14 16:42:30,396 ] botocore.hooks - DEBUG - Event before-endpoint-resolution.s3: calling handler <bound method S3RegionRedirectorv2.redirect_from_cache of <botocore.utils.S3RegionRedirectorv2 object at 0x0000013A627823D0>>
[ 2025-02-14 16:42:30,397 ] botocore.regions - DEBUG - Calling endpoint provider with parameters: {'Bucket': 'usvisa-model2026', 'Region': 'eu-north-1', 'UseFIPS': False, 'UseDualStack': False, 'ForcePathStyle': False, 'Accelerate': False, 'UseGlobalEndpoint': False, 'Prefix': 'model.pkl', 'DisableMultiRegionAccessPoints': False, 'UseArnRegion': True}
[ 2025-02-14 16:42:30,398 ] botocore.regions - DEBUG - Endpoint provider result: https://usvisa-model2026.s3.eu-north-1.amazonaws.com
[ 2025-02-14 16:42:30,399 ] botocore.regions - DEBUG - Selecting from endpoint provider's list of auth schemes: "sigv4". User selected auth scheme is: "None"
[ 2025-02-14 16:42:30,399 ] botocore.regions - DEBUG - Selected auth type "v4" as "v4" with signing context params: {'region': 'eu-north-1', 'signing_name': 's3', 'disableDoubleEncoding': True}
[ 2025-02-14 16:42:30,399 ] botocore.hooks - DEBUG - Event before-call.s3.ListObjects: calling handler <function add_expect_header at 0x0000013A5063A160>
[ 2025-02-14 16:42:30,399 ] botocore.hooks - DEBUG - Event before-call.s3.ListObjects: calling handler <bound method S3ExpressIdentityResolver.apply_signing_cache_key of <botocore.utils.S3ExpressIdentityResolver object at 0x0000013A62782490>>
[ 2025-02-14 16:42:30,400 ] botocore.hooks - DEBUG - Event before-call.s3.ListObjects: calling handler <function add_recursion_detection_header at 0x0000013A50635820>
[ 2025-02-14 16:42:30,400 ] botocore.hooks - DEBUG - Event before-call.s3.ListObjects: calling handler <function add_query_compatibility_header at 0x0000013A5063D310>
[ 2025-02-14 16:42:30,400 ] botocore.hooks - DEBUG - Event before-call.s3.ListObjects: calling handler <function inject_api_version_header_if_needed at 0x0000013A5063C4C0>
[ 2025-02-14 16:42:30,400 ] botocore.endpoint - DEBUG - Making request for OperationModel(name=ListObjects) with params: {'url_path': '', 'query_string': {'prefix': 'model.pkl', 'encoding-type': 'url'}, 'method': 'GET', 'headers': {'User-Agent': 'Boto3/1.36.20 md/Botocore#1.36.20 ua/2.0 os/windows#10 md/arch#amd64 lang/python#3.8.20 md/pyimpl#CPython cfg/retry-mode#legacy Botocore/1.36.20 Resource'}, 'body': b'', 'auth_path': '/usvisa-model2026/', 'url': 'https://usvisa-model2026.s3.eu-north-1.amazonaws.com/?prefix=model.pkl&encoding-type=url', 'context': {'client_region': 'eu-north-1', 'client_config': <botocore.config.Config object at 0x0000013A62728760>, 'has_streaming_input': False, 'auth_type': 'v4', 'unsigned_payload': None, 'encoding_type_auto_set': True, 's3_redirect': {'redirected': False, 'bucket': 'usvisa-model2026', 'params': {'Bucket': 'usvisa-model2026', 'Prefix': 'model.pkl', 'EncodingType': 'url'}}, 'input_params': {'Bucket': 'usvisa-model2026', 'Prefix': 'model.pkl'}, 'signing': {'region': 'eu-north-1', 'signing_name': 's3', 'disableDoubleEncoding': True}, 'endpoint_properties': {'authSchemes': [{'disableDoubleEncoding': True, 'name': 'sigv4', 'signingName': 's3', 'signingRegion': 'eu-north-1'}]}}}
[ 2025-02-14 16:42:30,401 ] botocore.hooks - DEBUG - Event request-created.s3.ListObjects: calling handler <bound method RequestSigner.handler of <botocore.signers.RequestSigner object at 0x0000013A62728400>>
[ 2025-02-14 16:42:30,401 ] botocore.hooks - DEBUG - Event choose-signer.s3.ListObjects: calling handler <function set_operation_specific_signer at 0x0000013A50635A60>
[ 2025-02-14 16:42:30,401 ] botocore.hooks - DEBUG - Event before-sign.s3.ListObjects: calling handler <function remove_arn_from_signing_path at 0x0000013A5063CDC0>
[ 2025-02-14 16:42:30,401 ] botocore.hooks - DEBUG - Event before-sign.s3.ListObjects: calling handler <function _set_extra_headers_for_unsigned_request at 0x0000013A5063D430>
[ 2025-02-14 16:42:30,402 ] botocore.hooks - DEBUG - Event before-sign.s3.ListObjects: calling handler <bound method S3ExpressIdentityResolver.resolve_s3express_identity of <botocore.utils.S3ExpressIdentityResolver object at 0x0000013A62782490>>
[ 2025-02-14 16:42:30,402 ] botocore.auth - DEBUG - Calculating signature using v4 auth.
[ 2025-02-14 16:42:30,402 ] botocore.auth - DEBUG - CanonicalRequest:
GET
/
encoding-type=url&prefix=model.pkl
host:usvisa-model2026.s3.eu-north-1.amazonaws.com
x-amz-content-sha256:e3b0c44298fc1c149afbf4c8996fb92427ae41e4649b934ca495991b7852b855
x-amz-date:20250214T111230Z

host;x-amz-content-sha256;x-amz-date
e3b0c44298fc1c149afbf4c8996fb92427ae41e4649b934ca495991b7852b855
[ 2025-02-14 16:42:30,403 ] botocore.auth - DEBUG - StringToSign:
AWS4-HMAC-SHA256
20250214T111230Z
20250214/eu-north-1/s3/aws4_request
0b7f0ae921a5e194a692520e71722488af62d455237f004927b150bf5a642ccf
[ 2025-02-14 16:42:30,403 ] botocore.auth - DEBUG - Signature:
affcb35dc9556bd352240830296788116895d7601800390f051c89564d756c23
[ 2025-02-14 16:42:30,403 ] botocore.hooks - DEBUG - Event request-created.s3.ListObjects: calling handler <function add_retry_headers at 0x0000013A5063CC10>
[ 2025-02-14 16:42:30,403 ] botocore.endpoint - DEBUG - Sending http request: <AWSPreparedRequest stream_output=False, method=GET, url=https://usvisa-model2026.s3.eu-north-1.amazonaws.com/?prefix=model.pkl&encoding-type=url, headers={'User-Agent': b'Boto3/1.36.20 md/Botocore#1.36.20 ua/2.0 os/windows#10 md/arch#amd64 lang/python#3.8.20 md/pyimpl#CPython cfg/retry-mode#legacy Botocore/1.36.20 Resource', 'X-Amz-Date': b'20250214T111230Z', 'X-Amz-Content-SHA256': b'e3b0c44298fc1c149afbf4c8996fb92427ae41e4649b934ca495991b7852b855', 'Authorization': b'AWS4-HMAC-SHA256 Credential=AKIAYHJANES2QVTSZRJQ/20250214/eu-north-1/s3/aws4_request, SignedHeaders=host;x-amz-content-sha256;x-amz-date, Signature=affcb35dc9556bd352240830296788116895d7601800390f051c89564d756c23', 'amz-sdk-invocation-id': b'471b198d-badf-4ccc-a166-1a4a12395435', 'amz-sdk-request': b'attempt=1'}>
[ 2025-02-14 16:42:30,404 ] botocore.httpsession - DEBUG - Certificate path: C:\Users\Swapna\anaconda3\envs\visa\lib\site-packages\certifi\cacert.pem
[ 2025-02-14 16:42:30,405 ] urllib3.connectionpool - DEBUG - Starting new HTTPS connection (1): usvisa-model2026.s3.eu-north-1.amazonaws.com:443
[ 2025-02-14 16:42:52,059 ] urllib3.connectionpool - DEBUG - https://usvisa-model2026.s3.eu-north-1.amazonaws.com:443 "GET /?prefix=model.pkl&encoding-type=url HTTP/1.1" 200 None
[ 2025-02-14 16:42:52,396 ] botocore.hooks - DEBUG - Event before-parse.s3.ListObjects: calling handler <function _handle_200_error at 0x0000013A5063D160>
[ 2025-02-14 16:42:52,396 ] botocore.hooks - DEBUG - Event before-parse.s3.ListObjects: calling handler <function handle_expires_header at 0x0000013A5063CF70>
[ 2025-02-14 16:42:52,396 ] botocore.parsers - DEBUG - Response headers: {'x-amz-id-2': 'YoFQS9PWuQW3b4vQL3BWbdmy+rB/8kUBnVYqm8EtbHepOrZ2DnXOjinYVK5UVHQLtSYbdzVSThY=', 'x-amz-request-id': '6Z9BGQRTE09KD21E', 'Date': 'Fri, 14 Feb 2025 11:12:43 GMT', 'x-amz-bucket-region': 'eu-north-1', 'Content-Type': 'application/xml', 'Transfer-Encoding': 'chunked', 'Server': 'AmazonS3'}
[ 2025-02-14 16:42:52,396 ] botocore.parsers - DEBUG - Response body:
b'<?xml version="1.0" encoding="UTF-8"?>\n<ListBucketResult xmlns="http://s3.amazonaws.com/doc/2006-03-01/"><Name>usvisa-model2026</Name><Prefix>model.pkl</Prefix><Marker></Marker><MaxKeys>1000</MaxKeys><EncodingType>url</EncodingType><IsTruncated>false</IsTruncated><Contents><Key>model.pkl</Key><LastModified>2025-02-14T11:04:34.000Z</LastModified><ETag>&quot;67622878bfc439a3f570664c83542fe1&quot;</ETag><ChecksumAlgorithm>CRC32</ChecksumAlgorithm><ChecksumType>FULL_OBJECT</ChecksumType><Size>2781856</Size><Owner><ID>da099bfafd1450fc97f7fef62e0d7844e801b654b68a5cded0253d35cc9989a0</ID></Owner><StorageClass>STANDARD</StorageClass></Contents></ListBucketResult>'
[ 2025-02-14 16:42:52,398 ] botocore.hooks - DEBUG - Event needs-retry.s3.ListObjects: calling handler <function _update_status_code at 0x0000013A5063D280>
[ 2025-02-14 16:42:52,399 ] botocore.hooks - DEBUG - Event needs-retry.s3.ListObjects: calling handler <botocore.retryhandler.RetryHandler object at 0x0000013A62782370>
[ 2025-02-14 16:42:52,399 ] botocore.retryhandler - DEBUG - No retry needed.
[ 2025-02-14 16:42:52,399 ] botocore.hooks - DEBUG - Event needs-retry.s3.ListObjects: calling handler <bound method S3RegionRedirectorv2.redirect_from_error of <botocore.utils.S3RegionRedirectorv2 object at 0x0000013A627823D0>>
[ 2025-02-14 16:42:52,399 ] botocore.hooks - DEBUG - Event after-call.s3.ListObjects: calling handler <function decode_list_object at 0x0000013A5063C160>
[ 2025-02-14 16:42:52,399 ] boto3.resources.factory - DEBUG - Loading s3:ObjectSummary
[ 2025-02-14 16:42:52,400 ] boto3.resources.model - DEBUG - Renaming ObjectSummary attribute key
[ 2025-02-14 16:42:52,401 ] botocore.hooks - DEBUG - Event creating-resource-class.s3.ObjectSummary: calling handler <function lazy_call.<locals>._handler at 0x0000013A61BC9F70>
[ 2025-02-14 16:42:52,402 ] root - INFO - Exited the get_file_object method of S3Operations class
[ 2025-02-14 16:42:52,402 ] root - INFO - Entered the read_object method of S3Operations class
[ 2025-02-14 16:42:52,402 ] root - INFO - Exited the read_object method of S3Operations class
[ 2025-02-14 16:42:52,402 ] boto3.resources.action - DEBUG - Calling s3:get_object with {'Bucket': 'usvisa-model2026', 'Key': 'model.pkl'}
[ 2025-02-14 16:42:52,402 ] botocore.hooks - DEBUG - Event before-parameter-build.s3.GetObject: calling handler <function sse_md5 at 0x0000013A50635E50>
[ 2025-02-14 16:42:52,402 ] botocore.hooks - DEBUG - Event before-parameter-build.s3.GetObject: calling handler <function validate_bucket_name at 0x0000013A50635DC0>
[ 2025-02-14 16:42:52,403 ] botocore.hooks - DEBUG - Event before-parameter-build.s3.GetObject: calling handler <function remove_bucket_from_url_paths_from_model at 0x0000013A5063CCA0>
[ 2025-02-14 16:42:52,403 ] botocore.hooks - DEBUG - Event before-parameter-build.s3.GetObject: calling handler <bound method S3RegionRedirectorv2.annotate_request_context of <botocore.utils.S3RegionRedirectorv2 object at 0x0000013A627823D0>>
[ 2025-02-14 16:42:52,403 ] botocore.hooks - DEBUG - Event before-parameter-build.s3.GetObject: calling handler <bound method ClientCreator._inject_s3_input_parameters of <botocore.client.ClientCreator object at 0x0000013A61C2B610>>
[ 2025-02-14 16:42:52,403 ] botocore.hooks - DEBUG - Event before-parameter-build.s3.GetObject: calling handler <function generate_idempotent_uuid at 0x0000013A50635C10>
[ 2025-02-14 16:42:52,403 ] botocore.hooks - DEBUG - Event before-parameter-build.s3.GetObject: calling handler <function _handle_request_validation_mode_member at 0x0000013A5063D3A0>
[ 2025-02-14 16:42:52,403 ] botocore.hooks - DEBUG - Event before-endpoint-resolution.s3: calling handler <function customize_endpoint_resolver_builtins at 0x0000013A5063CE50>
[ 2025-02-14 16:42:52,404 ] botocore.hooks - DEBUG - Event before-endpoint-resolution.s3: calling handler <bound method S3RegionRedirectorv2.redirect_from_cache of <botocore.utils.S3RegionRedirectorv2 object at 0x0000013A627823D0>>
[ 2025-02-14 16:42:52,404 ] botocore.regions - DEBUG - Calling endpoint provider with parameters: {'Bucket': 'usvisa-model2026', 'Region': 'eu-north-1', 'UseFIPS': False, 'UseDualStack': False, 'ForcePathStyle': False, 'Accelerate': False, 'UseGlobalEndpoint': False, 'Key': 'model.pkl', 'DisableMultiRegionAccessPoints': False, 'UseArnRegion': True}
[ 2025-02-14 16:42:52,405 ] botocore.regions - DEBUG - Endpoint provider result: https://usvisa-model2026.s3.eu-north-1.amazonaws.com
[ 2025-02-14 16:42:52,405 ] botocore.regions - DEBUG - Selecting from endpoint provider's list of auth schemes: "sigv4". User selected auth scheme is: "None"
[ 2025-02-14 16:42:52,406 ] botocore.regions - DEBUG - Selected auth type "v4" as "v4" with signing context params: {'region': 'eu-north-1', 'signing_name': 's3', 'disableDoubleEncoding': True}
[ 2025-02-14 16:42:52,406 ] botocore.hooks - DEBUG - Event before-call.s3.GetObject: calling handler <function add_expect_header at 0x0000013A5063A160>
[ 2025-02-14 16:42:52,406 ] botocore.hooks - DEBUG - Event before-call.s3.GetObject: calling handler <bound method S3ExpressIdentityResolver.apply_signing_cache_key of <botocore.utils.S3ExpressIdentityResolver object at 0x0000013A62782490>>
[ 2025-02-14 16:42:52,407 ] botocore.hooks - DEBUG - Event before-call.s3.GetObject: calling handler <function add_recursion_detection_header at 0x0000013A50635820>
[ 2025-02-14 16:42:52,407 ] botocore.hooks - DEBUG - Event before-call.s3.GetObject: calling handler <function add_query_compatibility_header at 0x0000013A5063D310>
[ 2025-02-14 16:42:52,407 ] botocore.hooks - DEBUG - Event before-call.s3.GetObject: calling handler <function inject_api_version_header_if_needed at 0x0000013A5063C4C0>
[ 2025-02-14 16:42:52,407 ] botocore.endpoint - DEBUG - Making request for OperationModel(name=GetObject) with params: {'url_path': '/model.pkl', 'query_string': {}, 'method': 'GET', 'headers': {'x-amz-checksum-mode': 'ENABLED', 'User-Agent': 'Boto3/1.36.20 md/Botocore#1.36.20 ua/2.0 os/windows#10 md/arch#amd64 lang/python#3.8.20 md/pyimpl#CPython cfg/retry-mode#legacy Botocore/1.36.20 Resource'}, 'body': b'', 'auth_path': '/usvisa-model2026/model.pkl', 'url': 'https://usvisa-model2026.s3.eu-north-1.amazonaws.com/model.pkl', 'context': {'client_region': 'eu-north-1', 'client_config': <botocore.config.Config object at 0x0000013A62728760>, 'has_streaming_input': False, 'auth_type': 'v4', 'unsigned_payload': None, 's3_redirect': {'redirected': False, 'bucket': 'usvisa-model2026', 'params': {'Bucket': 'usvisa-model2026', 'Key': 'model.pkl', 'ChecksumMode': 'ENABLED'}}, 'input_params': {'Bucket': 'usvisa-model2026', 'Key': 'model.pkl'}, 'signing': {'region': 'eu-north-1', 'signing_name': 's3', 'disableDoubleEncoding': True}, 'endpoint_properties': {'authSchemes': [{'disableDoubleEncoding': True, 'name': 'sigv4', 'signingName': 's3', 'signingRegion': 'eu-north-1'}]}, 'checksum': {'response_algorithms': ['crc32', 'sha1', 'sha256']}}}
[ 2025-02-14 16:42:52,408 ] botocore.hooks - DEBUG - Event request-created.s3.GetObject: calling handler <bound method RequestSigner.handler of <botocore.signers.RequestSigner object at 0x0000013A62728400>>
[ 2025-02-14 16:42:52,408 ] botocore.hooks - DEBUG - Event choose-signer.s3.GetObject: calling handler <function set_operation_specific_signer at 0x0000013A50635A60>
[ 2025-02-14 16:42:52,409 ] botocore.hooks - DEBUG - Event before-sign.s3.GetObject: calling handler <function remove_arn_from_signing_path at 0x0000013A5063CDC0>
[ 2025-02-14 16:42:52,409 ] botocore.hooks - DEBUG - Event before-sign.s3.GetObject: calling handler <function _set_extra_headers_for_unsigned_request at 0x0000013A5063D430>
[ 2025-02-14 16:42:52,409 ] botocore.hooks - DEBUG - Event before-sign.s3.GetObject: calling handler <bound method S3ExpressIdentityResolver.resolve_s3express_identity of <botocore.utils.S3ExpressIdentityResolver object at 0x0000013A62782490>>
[ 2025-02-14 16:42:52,409 ] botocore.auth - DEBUG - Calculating signature using v4 auth.
[ 2025-02-14 16:42:52,410 ] botocore.auth - DEBUG - CanonicalRequest:
GET
/model.pkl

host:usvisa-model2026.s3.eu-north-1.amazonaws.com
x-amz-checksum-mode:ENABLED
x-amz-content-sha256:e3b0c44298fc1c149afbf4c8996fb92427ae41e4649b934ca495991b7852b855
x-amz-date:20250214T111252Z

host;x-amz-checksum-mode;x-amz-content-sha256;x-amz-date
e3b0c44298fc1c149afbf4c8996fb92427ae41e4649b934ca495991b7852b855
[ 2025-02-14 16:42:52,410 ] botocore.auth - DEBUG - StringToSign:
AWS4-HMAC-SHA256
20250214T111252Z
20250214/eu-north-1/s3/aws4_request
7a2d7e6eae9df68d98ec4a5206881858c60a26e187d3bd15a327b548a1081752
[ 2025-02-14 16:42:52,410 ] botocore.auth - DEBUG - Signature:
a415da793b89957b02327ce75390ad4b75515ab14df95280b445bbe5b2eaf6de
[ 2025-02-14 16:42:52,410 ] botocore.hooks - DEBUG - Event request-created.s3.GetObject: calling handler <function add_retry_headers at 0x0000013A5063CC10>
[ 2025-02-14 16:42:52,410 ] botocore.endpoint - DEBUG - Sending http request: <AWSPreparedRequest stream_output=True, method=GET, url=https://usvisa-model2026.s3.eu-north-1.amazonaws.com/model.pkl, headers={'x-amz-checksum-mode': b'ENABLED', 'User-Agent': b'Boto3/1.36.20 md/Botocore#1.36.20 ua/2.0 os/windows#10 md/arch#amd64 lang/python#3.8.20 md/pyimpl#CPython cfg/retry-mode#legacy Botocore/1.36.20 Resource', 'X-Amz-Date': b'20250214T111252Z', 'X-Amz-Content-SHA256': b'e3b0c44298fc1c149afbf4c8996fb92427ae41e4649b934ca495991b7852b855', 'Authorization': b'AWS4-HMAC-SHA256 Credential=AKIAYHJANES2QVTSZRJQ/20250214/eu-north-1/s3/aws4_request, SignedHeaders=host;x-amz-checksum-mode;x-amz-content-sha256;x-amz-date, Signature=a415da793b89957b02327ce75390ad4b75515ab14df95280b445bbe5b2eaf6de', 'amz-sdk-invocation-id': b'c5ae3037-0a49-491a-b94d-22c03c273d2b', 'amz-sdk-request': b'attempt=1'}>
[ 2025-02-14 16:42:52,411 ] botocore.httpsession - DEBUG - Certificate path: C:\Users\Swapna\anaconda3\envs\visa\lib\site-packages\certifi\cacert.pem
[ 2025-02-14 16:42:52,411 ] urllib3.connectionpool - DEBUG - Resetting dropped connection: usvisa-model2026.s3.eu-north-1.amazonaws.com
[ 2025-02-14 16:43:03,395 ] urllib3.connectionpool - DEBUG - https://usvisa-model2026.s3.eu-north-1.amazonaws.com:443 "GET /model.pkl HTTP/1.1" 200 2781856
[ 2025-02-14 16:43:03,396 ] botocore.hooks - DEBUG - Event before-parse.s3.GetObject: calling handler <function _handle_200_error at 0x0000013A5063D160>
[ 2025-02-14 16:43:03,396 ] botocore.hooks - DEBUG - Event before-parse.s3.GetObject: calling handler <function handle_expires_header at 0x0000013A5063CF70>
[ 2025-02-14 16:43:03,397 ] botocore.parsers - DEBUG - Response headers: {'x-amz-id-2': 'TRJ2VNyVJTavERfd/tGiSZr8ECKZ3dAq+uFsMnywIlxbwq83iTQGCZI+E1cu1cdQQyx4QKHsvNc=', 'x-amz-request-id': 'RPKVQVMGG422BK50', 'Date': 'Fri, 14 Feb 2025 11:13:03 GMT', 'Last-Modified': 'Fri, 14 Feb 2025 11:04:34 GMT', 'ETag': '"67622878bfc439a3f570664c83542fe1"', 'x-amz-checksum-crc32': 'Wf70MA==', 'x-amz-checksum-type': 'FULL_OBJECT', 'x-amz-server-side-encryption': 'AES256', 'Accept-Ranges': 'bytes', 'Content-Type': 'binary/octet-stream', 'Content-Length': '2781856', 'Server': 'AmazonS3'}
[ 2025-02-14 16:43:03,397 ] botocore.parsers - DEBUG - Response body:
<botocore.httpchecksum.StreamingChecksumBody object at 0x0000013A62873760>
[ 2025-02-14 16:43:03,398 ] botocore.hooks - DEBUG - Event needs-retry.s3.GetObject: calling handler <function _update_status_code at 0x0000013A5063D280>
[ 2025-02-14 16:43:03,398 ] botocore.hooks - DEBUG - Event needs-retry.s3.GetObject: calling handler <botocore.retryhandler.RetryHandler object at 0x0000013A62782370>
[ 2025-02-14 16:43:03,399 ] botocore.retryhandler - DEBUG - No retry needed.
[ 2025-02-14 16:43:03,399 ] botocore.hooks - DEBUG - Event needs-retry.s3.GetObject: calling handler <bound method S3RegionRedirectorv2.redirect_from_error of <botocore.utils.S3RegionRedirectorv2 object at 0x0000013A627823D0>>
[ 2025-02-14 16:43:03,399 ] boto3.resources.action - DEBUG - Response: {'ResponseMetadata': {'RequestId': 'RPKVQVMGG422BK50', 'HostId': 'TRJ2VNyVJTavERfd/tGiSZr8ECKZ3dAq+uFsMnywIlxbwq83iTQGCZI+E1cu1cdQQyx4QKHsvNc=', 'HTTPStatusCode': 200, 'HTTPHeaders': {'x-amz-id-2': 'TRJ2VNyVJTavERfd/tGiSZr8ECKZ3dAq+uFsMnywIlxbwq83iTQGCZI+E1cu1cdQQyx4QKHsvNc=', 'x-amz-request-id': 'RPKVQVMGG422BK50', 'date': 'Fri, 14 Feb 2025 11:13:03 GMT', 'last-modified': 'Fri, 14 Feb 2025 11:04:34 GMT', 'etag': '"67622878bfc439a3f570664c83542fe1"', 'x-amz-checksum-crc32': 'Wf70MA==', 'x-amz-checksum-type': 'FULL_OBJECT', 'x-amz-server-side-encryption': 'AES256', 'accept-ranges': 'bytes', 'content-type': 'binary/octet-stream', 'content-length': '2781856', 'server': 'AmazonS3'}, 'ChecksumAlgorithm': 'crc32', 'RetryAttempts': 0}, 'AcceptRanges': 'bytes', 'LastModified': datetime.datetime(2025, 2, 14, 11, 4, 34, tzinfo=tzutc()), 'ContentLength': 2781856, 'ETag': '"67622878bfc439a3f570664c83542fe1"', 'ChecksumCRC32': 'Wf70MA==', 'ChecksumType': 'FULL_OBJECT', 'ContentType': 'binary/octet-stream', 'ServerSideEncryption': 'AES256', 'Metadata': {}, 'Body': <botocore.httpchecksum.StreamingChecksumBody object at 0x0000013A62873760>}
