[ 2025-02-14 16:47:18,353 ] asyncio - DEBUG - Using proactor: IocpProactor
[ 2025-02-14 16:48:12,522 ] python_multipart.multipart - DEBUG - Calling on_field_start with no data
[ 2025-02-14 16:48:12,522 ] python_multipart.multipart - DEBUG - Calling on_field_name with data[0:9]
[ 2025-02-14 16:48:12,522 ] python_multipart.multipart - DEBUG - Calling on_field_data with data[10:16]
[ 2025-02-14 16:48:12,522 ] python_multipart.multipart - DEBUG - Calling on_field_end with no data
[ 2025-02-14 16:48:12,522 ] python_multipart.multipart - DEBUG - Calling on_field_start with no data
[ 2025-02-14 16:48:12,533 ] python_multipart.multipart - DEBUG - Calling on_field_name with data[17:38]
[ 2025-02-14 16:48:12,533 ] python_multipart.multipart - DEBUG - Calling on_field_data with data[39:50]
[ 2025-02-14 16:48:12,533 ] python_multipart.multipart - DEBUG - Calling on_field_end with no data
[ 2025-02-14 16:48:12,533 ] python_multipart.multipart - DEBUG - Calling on_field_start with no data
[ 2025-02-14 16:48:12,534 ] python_multipart.multipart - DEBUG - Calling on_field_name with data[51:69]
[ 2025-02-14 16:48:12,534 ] python_multipart.multipart - DEBUG - Calling on_field_data with data[70:71]
[ 2025-02-14 16:48:12,534 ] python_multipart.multipart - DEBUG - Calling on_field_end with no data
[ 2025-02-14 16:48:12,534 ] python_multipart.multipart - DEBUG - Calling on_field_start with no data
[ 2025-02-14 16:48:12,534 ] python_multipart.multipart - DEBUG - Calling on_field_name with data[72:93]
[ 2025-02-14 16:48:12,534 ] python_multipart.multipart - DEBUG - Calling on_field_data with data[94:95]
[ 2025-02-14 16:48:12,534 ] python_multipart.multipart - DEBUG - Calling on_field_end with no data
[ 2025-02-14 16:48:12,535 ] python_multipart.multipart - DEBUG - Calling on_field_start with no data
[ 2025-02-14 16:48:12,535 ] python_multipart.multipart - DEBUG - Calling on_field_name with data[96:111]
[ 2025-02-14 16:48:12,535 ] python_multipart.multipart - DEBUG - Calling on_field_data with data[112:117]
[ 2025-02-14 16:48:12,535 ] python_multipart.multipart - DEBUG - Calling on_field_end with no data
[ 2025-02-14 16:48:12,535 ] python_multipart.multipart - DEBUG - Calling on_field_start with no data
[ 2025-02-14 16:48:12,535 ] python_multipart.multipart - DEBUG - Calling on_field_name with data[118:138]
[ 2025-02-14 16:48:12,536 ] python_multipart.multipart - DEBUG - Calling on_field_data with data[139:148]
[ 2025-02-14 16:48:12,536 ] python_multipart.multipart - DEBUG - Calling on_field_end with no data
[ 2025-02-14 16:48:12,536 ] python_multipart.multipart - DEBUG - Calling on_field_start with no data
[ 2025-02-14 16:48:12,536 ] python_multipart.multipart - DEBUG - Calling on_field_name with data[149:164]
[ 2025-02-14 16:48:12,536 ] python_multipart.multipart - DEBUG - Calling on_field_data with data[165:168]
[ 2025-02-14 16:48:12,536 ] python_multipart.multipart - DEBUG - Calling on_field_end with no data
[ 2025-02-14 16:48:12,536 ] python_multipart.multipart - DEBUG - Calling on_field_start with no data
[ 2025-02-14 16:48:12,536 ] python_multipart.multipart - DEBUG - Calling on_field_name with data[169:181]
[ 2025-02-14 16:48:12,536 ] python_multipart.multipart - DEBUG - Calling on_field_data with data[182:187]
[ 2025-02-14 16:48:12,537 ] python_multipart.multipart - DEBUG - Calling on_field_end with no data
[ 2025-02-14 16:48:12,537 ] python_multipart.multipart - DEBUG - Calling on_field_start with no data
[ 2025-02-14 16:48:12,537 ] python_multipart.multipart - DEBUG - Calling on_field_name with data[188:206]
[ 2025-02-14 16:48:12,537 ] python_multipart.multipart - DEBUG - Calling on_field_data with data[207:208]
[ 2025-02-14 16:48:12,537 ] python_multipart.multipart - DEBUG - Calling on_field_end with no data
[ 2025-02-14 16:48:12,537 ] python_multipart.multipart - DEBUG - Calling on_field_start with no data
[ 2025-02-14 16:48:12,537 ] python_multipart.multipart - DEBUG - Calling on_field_name with data[209:220]
[ 2025-02-14 16:48:12,537 ] python_multipart.multipart - DEBUG - Calling on_field_data with data[221:223]
[ 2025-02-14 16:48:12,537 ] python_multipart.multipart - DEBUG - Calling on_field_end with no data
[ 2025-02-14 16:48:12,537 ] python_multipart.multipart - DEBUG - Calling on_end with no data
[ 2025-02-14 16:48:12,538 ] root - INFO - Entered get_usvisa_data_as_dict method as USvisaData class
[ 2025-02-14 16:48:12,538 ] root - INFO - Created usvisa data dict
[ 2025-02-14 16:48:12,538 ] root - INFO - Exited get_usvisa_data_as_dict method as USvisaData class
[ 2025-02-14 16:48:12,539 ] root - INFO - Entered predict method of USvisaClassifier class
[ 2025-02-14 16:48:12,540 ] botocore.hooks - DEBUG - Changing event name from creating-client-class.iot-data to creating-client-class.iot-data-plane
[ 2025-02-14 16:48:12,544 ] botocore.hooks - DEBUG - Changing event name from before-call.apigateway to before-call.api-gateway
[ 2025-02-14 16:48:12,545 ] botocore.hooks - DEBUG - Changing event name from request-created.machinelearning.Predict to request-created.machine-learning.Predict
[ 2025-02-14 16:48:12,548 ] botocore.hooks - DEBUG - Changing event name from before-parameter-build.autoscaling.CreateLaunchConfiguration to before-parameter-build.auto-scaling.CreateLaunchConfiguration
[ 2025-02-14 16:48:12,548 ] botocore.hooks - DEBUG - Changing event name from before-parameter-build.route53 to before-parameter-build.route-53
[ 2025-02-14 16:48:12,549 ] botocore.hooks - DEBUG - Changing event name from request-created.cloudsearchdomain.Search to request-created.cloudsearch-domain.Search
[ 2025-02-14 16:48:12,550 ] botocore.hooks - DEBUG - Changing event name from docs.*.autoscaling.CreateLaunchConfiguration.complete-section to docs.*.auto-scaling.CreateLaunchConfiguration.complete-section
[ 2025-02-14 16:48:12,554 ] botocore.hooks - DEBUG - Changing event name from before-parameter-build.logs.CreateExportTask to before-parameter-build.cloudwatch-logs.CreateExportTask
[ 2025-02-14 16:48:12,554 ] botocore.hooks - DEBUG - Changing event name from docs.*.logs.CreateExportTask.complete-section to docs.*.cloudwatch-logs.CreateExportTask.complete-section
[ 2025-02-14 16:48:12,555 ] botocore.hooks - DEBUG - Changing event name from before-parameter-build.cloudsearchdomain.Search to before-parameter-build.cloudsearch-domain.Search
[ 2025-02-14 16:48:12,555 ] botocore.hooks - DEBUG - Changing event name from docs.*.cloudsearchdomain.Search.complete-section to docs.*.cloudsearch-domain.Search.complete-section
[ 2025-02-14 16:48:12,667 ] botocore.loaders - DEBUG - Loading JSON file: C:\Users\Swapna\anaconda3\envs\visa\lib\site-packages\boto3\data\s3\2006-03-01\resources-1.json
[ 2025-02-14 16:48:12,673 ] botocore.loaders - DEBUG - Loading JSON file: C:\Users\Swapna\anaconda3\envs\visa\lib\site-packages\botocore\data\endpoints.json
[ 2025-02-14 16:48:12,705 ] botocore.loaders - DEBUG - Loading JSON file: C:\Users\Swapna\anaconda3\envs\visa\lib\site-packages\botocore\data\sdk-default-configuration.json
[ 2025-02-14 16:48:12,705 ] botocore.hooks - DEBUG - Event choose-service-name: calling handler <function handle_service_name_alias at 0x000002812AA8A670>
[ 2025-02-14 16:48:12,835 ] botocore.loaders - DEBUG - Loading JSON file: C:\Users\Swapna\anaconda3\envs\visa\lib\site-packages\botocore\data\s3\2006-03-01\service-2.json.gz
[ 2025-02-14 16:48:12,852 ] botocore.loaders - DEBUG - Loading JSON file: C:\Users\Swapna\anaconda3\envs\visa\lib\site-packages\botocore\data\s3\2006-03-01\service-2.sdk-extras.json
[ 2025-02-14 16:48:12,974 ] botocore.loaders - DEBUG - Loading JSON file: C:\Users\Swapna\anaconda3\envs\visa\lib\site-packages\botocore\data\s3\2006-03-01\endpoint-rule-set-1.json.gz
[ 2025-02-14 16:48:12,984 ] botocore.loaders - DEBUG - Loading JSON file: C:\Users\Swapna\anaconda3\envs\visa\lib\site-packages\botocore\data\partitions.json
[ 2025-02-14 16:48:12,987 ] botocore.hooks - DEBUG - Event creating-client-class.s3: calling handler <function add_generate_presigned_post at 0x000002812AA13430>
[ 2025-02-14 16:48:12,988 ] botocore.hooks - DEBUG - Event creating-client-class.s3: calling handler <function lazy_call.<locals>._handler at 0x000002813BFC0670>
[ 2025-02-14 16:48:12,989 ] botocore.hooks - DEBUG - Event creating-client-class.s3: calling handler <function add_generate_presigned_url at 0x000002812AA131F0>
[ 2025-02-14 16:48:12,990 ] botocore.configprovider - DEBUG - Looking for endpoint for s3 via: environment_service
[ 2025-02-14 16:48:12,990 ] botocore.configprovider - DEBUG - Looking for endpoint for s3 via: environment_global
[ 2025-02-14 16:48:12,990 ] botocore.configprovider - DEBUG - Looking for endpoint for s3 via: config_service
[ 2025-02-14 16:48:12,990 ] botocore.configprovider - DEBUG - Looking for endpoint for s3 via: config_global
[ 2025-02-14 16:48:12,990 ] botocore.configprovider - DEBUG - No configured endpoint found.
[ 2025-02-14 16:48:12,995 ] botocore.endpoint - DEBUG - Setting s3 timeout as (60, 60)
[ 2025-02-14 16:48:13,002 ] botocore.loaders - DEBUG - Loading JSON file: C:\Users\Swapna\anaconda3\envs\visa\lib\site-packages\botocore\data\_retry.json
[ 2025-02-14 16:48:13,002 ] botocore.client - DEBUG - Registering retry handlers for service: s3
[ 2025-02-14 16:48:13,004 ] botocore.utils - DEBUG - Registering S3 region redirector handler
[ 2025-02-14 16:48:13,004 ] botocore.utils - DEBUG - Registering S3Express Identity Resolver
[ 2025-02-14 16:48:13,005 ] boto3.resources.factory - DEBUG - Loading s3:s3
[ 2025-02-14 16:48:13,006 ] botocore.hooks - DEBUG - Event choose-service-name: calling handler <function handle_service_name_alias at 0x000002812AA8A670>
[ 2025-02-14 16:48:13,010 ] botocore.hooks - DEBUG - Event creating-client-class.s3: calling handler <function add_generate_presigned_post at 0x000002812AA13430>
[ 2025-02-14 16:48:13,010 ] botocore.hooks - DEBUG - Event creating-client-class.s3: calling handler <function lazy_call.<locals>._handler at 0x000002813BFC0670>
[ 2025-02-14 16:48:13,011 ] botocore.hooks - DEBUG - Event creating-client-class.s3: calling handler <function add_generate_presigned_url at 0x000002812AA131F0>
[ 2025-02-14 16:48:13,011 ] botocore.configprovider - DEBUG - Looking for endpoint for s3 via: environment_service
[ 2025-02-14 16:48:13,011 ] botocore.configprovider - DEBUG - Looking for endpoint for s3 via: environment_global
[ 2025-02-14 16:48:13,011 ] botocore.configprovider - DEBUG - Looking for endpoint for s3 via: config_service
[ 2025-02-14 16:48:13,011 ] botocore.configprovider - DEBUG - Looking for endpoint for s3 via: config_global
[ 2025-02-14 16:48:13,011 ] botocore.configprovider - DEBUG - No configured endpoint found.
[ 2025-02-14 16:48:13,015 ] botocore.endpoint - DEBUG - Setting s3 timeout as (60, 60)
[ 2025-02-14 16:48:13,020 ] botocore.client - DEBUG - Registering retry handlers for service: s3
[ 2025-02-14 16:48:13,021 ] botocore.utils - DEBUG - Registering S3 region redirector handler
[ 2025-02-14 16:48:13,022 ] botocore.utils - DEBUG - Registering S3Express Identity Resolver
[ 2025-02-14 16:48:13,023 ] root - INFO - Entered the load_model method of S3Operations class
[ 2025-02-14 16:48:13,023 ] root - INFO - Entered the get_file_object method of S3Operations class
[ 2025-02-14 16:48:13,023 ] root - INFO - Entered the get_bucket method of S3Operations class
[ 2025-02-14 16:48:13,023 ] boto3.resources.factory - DEBUG - Loading s3:Bucket
[ 2025-02-14 16:48:13,024 ] boto3.resources.model - DEBUG - Renaming Bucket attribute name
[ 2025-02-14 16:48:13,027 ] botocore.hooks - DEBUG - Event creating-resource-class.s3.Bucket: calling handler <function lazy_call.<locals>._handler at 0x000002813BFC08B0>
[ 2025-02-14 16:48:13,027 ] root - INFO - Exited the get_bucket method of S3Operations class
[ 2025-02-14 16:48:13,136 ] botocore.loaders - DEBUG - Loading JSON file: C:\Users\Swapna\anaconda3\envs\visa\lib\site-packages\botocore\data\s3\2006-03-01\paginators-1.json
[ 2025-02-14 16:48:13,138 ] botocore.loaders - DEBUG - Loading JSON file: C:\Users\Swapna\anaconda3\envs\visa\lib\site-packages\botocore\data\s3\2006-03-01\paginators-1.sdk-extras.json
[ 2025-02-14 16:48:13,138 ] boto3.resources.collection - DEBUG - Calling paginated s3:list_objects with {'Bucket': 'usvisa-model2026', 'Prefix': 'model.pkl'}
[ 2025-02-14 16:48:13,139 ] botocore.hooks - DEBUG - Event before-parameter-build.s3.ListObjects: calling handler <function set_list_objects_encoding_type_url at 0x000002812AAAC0D0>
[ 2025-02-14 16:48:13,140 ] botocore.hooks - DEBUG - Event before-parameter-build.s3.ListObjects: calling handler <function validate_bucket_name at 0x000002812AAA5DC0>
[ 2025-02-14 16:48:13,140 ] botocore.hooks - DEBUG - Event before-parameter-build.s3.ListObjects: calling handler <function remove_bucket_from_url_paths_from_model at 0x000002812AAACCA0>
[ 2025-02-14 16:48:13,140 ] botocore.hooks - DEBUG - Event before-parameter-build.s3.ListObjects: calling handler <bound method S3RegionRedirectorv2.annotate_request_context of <botocore.utils.S3RegionRedirectorv2 object at 0x000002813CB6E610>>
[ 2025-02-14 16:48:13,140 ] botocore.hooks - DEBUG - Event before-parameter-build.s3.ListObjects: calling handler <bound method ClientCreator._inject_s3_input_parameters of <botocore.client.ClientCreator object at 0x000002813BFA9280>>
[ 2025-02-14 16:48:13,141 ] botocore.hooks - DEBUG - Event before-parameter-build.s3.ListObjects: calling handler <function generate_idempotent_uuid at 0x000002812AAA5C10>
[ 2025-02-14 16:48:13,141 ] botocore.hooks - DEBUG - Event before-parameter-build.s3.ListObjects: calling handler <function _handle_request_validation_mode_member at 0x000002812AAAD3A0>
[ 2025-02-14 16:48:13,141 ] botocore.hooks - DEBUG - Event before-endpoint-resolution.s3: calling handler <function customize_endpoint_resolver_builtins at 0x000002812AAACE50>
[ 2025-02-14 16:48:13,141 ] botocore.hooks - DEBUG - Event before-endpoint-resolution.s3: calling handler <bound method S3RegionRedirectorv2.redirect_from_cache of <botocore.utils.S3RegionRedirectorv2 object at 0x000002813CB6E610>>
[ 2025-02-14 16:48:13,142 ] botocore.regions - DEBUG - Calling endpoint provider with parameters: {'Bucket': 'usvisa-model2026', 'Region': 'eu-north-1', 'UseFIPS': False, 'UseDualStack': False, 'ForcePathStyle': False, 'Accelerate': False, 'UseGlobalEndpoint': False, 'Prefix': 'model.pkl', 'DisableMultiRegionAccessPoints': False, 'UseArnRegion': True}
[ 2025-02-14 16:48:13,143 ] botocore.regions - DEBUG - Endpoint provider result: https://usvisa-model2026.s3.eu-north-1.amazonaws.com
[ 2025-02-14 16:48:13,143 ] botocore.regions - DEBUG - Selecting from endpoint provider's list of auth schemes: "sigv4". User selected auth scheme is: "None"
[ 2025-02-14 16:48:13,143 ] botocore.regions - DEBUG - Selected auth type "v4" as "v4" with signing context params: {'region': 'eu-north-1', 'signing_name': 's3', 'disableDoubleEncoding': True}
[ 2025-02-14 16:48:13,144 ] botocore.hooks - DEBUG - Event before-call.s3.ListObjects: calling handler <function add_expect_header at 0x000002812AAAB160>
[ 2025-02-14 16:48:13,144 ] botocore.hooks - DEBUG - Event before-call.s3.ListObjects: calling handler <bound method S3ExpressIdentityResolver.apply_signing_cache_key of <botocore.utils.S3ExpressIdentityResolver object at 0x000002813CB6E6D0>>
[ 2025-02-14 16:48:13,144 ] botocore.hooks - DEBUG - Event before-call.s3.ListObjects: calling handler <function add_recursion_detection_header at 0x000002812AAA5820>
[ 2025-02-14 16:48:13,144 ] botocore.hooks - DEBUG - Event before-call.s3.ListObjects: calling handler <function add_query_compatibility_header at 0x000002812AAAD310>
[ 2025-02-14 16:48:13,144 ] botocore.hooks - DEBUG - Event before-call.s3.ListObjects: calling handler <function inject_api_version_header_if_needed at 0x000002812AAAC4C0>
[ 2025-02-14 16:48:13,144 ] botocore.endpoint - DEBUG - Making request for OperationModel(name=ListObjects) with params: {'url_path': '', 'query_string': {'prefix': 'model.pkl', 'encoding-type': 'url'}, 'method': 'GET', 'headers': {'User-Agent': 'Boto3/1.36.20 md/Botocore#1.36.20 ua/2.0 os/windows#10 md/arch#amd64 lang/python#3.8.20 md/pyimpl#CPython cfg/retry-mode#legacy Botocore/1.36.20 Resource'}, 'body': b'', 'auth_path': '/usvisa-model2026/', 'url': 'https://usvisa-model2026.s3.eu-north-1.amazonaws.com/?prefix=model.pkl&encoding-type=url', 'context': {'client_region': 'eu-north-1', 'client_config': <botocore.config.Config object at 0x000002813CB249A0>, 'has_streaming_input': False, 'auth_type': 'v4', 'unsigned_payload': None, 'encoding_type_auto_set': True, 's3_redirect': {'redirected': False, 'bucket': 'usvisa-model2026', 'params': {'Bucket': 'usvisa-model2026', 'Prefix': 'model.pkl', 'EncodingType': 'url'}}, 'input_params': {'Bucket': 'usvisa-model2026', 'Prefix': 'model.pkl'}, 'signing': {'region': 'eu-north-1', 'signing_name': 's3', 'disableDoubleEncoding': True}, 'endpoint_properties': {'authSchemes': [{'disableDoubleEncoding': True, 'name': 'sigv4', 'signingName': 's3', 'signingRegion': 'eu-north-1'}]}}}
[ 2025-02-14 16:48:13,146 ] botocore.hooks - DEBUG - Event request-created.s3.ListObjects: calling handler <bound method RequestSigner.handler of <botocore.signers.RequestSigner object at 0x000002813CB24640>>
[ 2025-02-14 16:48:13,146 ] botocore.hooks - DEBUG - Event choose-signer.s3.ListObjects: calling handler <function set_operation_specific_signer at 0x000002812AAA5A60>
[ 2025-02-14 16:48:13,147 ] botocore.hooks - DEBUG - Event before-sign.s3.ListObjects: calling handler <function remove_arn_from_signing_path at 0x000002812AAACDC0>
[ 2025-02-14 16:48:13,147 ] botocore.hooks - DEBUG - Event before-sign.s3.ListObjects: calling handler <function _set_extra_headers_for_unsigned_request at 0x000002812AAAD430>
[ 2025-02-14 16:48:13,147 ] botocore.hooks - DEBUG - Event before-sign.s3.ListObjects: calling handler <bound method S3ExpressIdentityResolver.resolve_s3express_identity of <botocore.utils.S3ExpressIdentityResolver object at 0x000002813CB6E6D0>>
[ 2025-02-14 16:48:13,148 ] botocore.auth - DEBUG - Calculating signature using v4 auth.
[ 2025-02-14 16:48:13,148 ] botocore.auth - DEBUG - CanonicalRequest:
GET
/
encoding-type=url&prefix=model.pkl
host:usvisa-model2026.s3.eu-north-1.amazonaws.com
x-amz-content-sha256:e3b0c44298fc1c149afbf4c8996fb92427ae41e4649b934ca495991b7852b855
x-amz-date:20250214T111813Z

host;x-amz-content-sha256;x-amz-date
e3b0c44298fc1c149afbf4c8996fb92427ae41e4649b934ca495991b7852b855
[ 2025-02-14 16:48:13,148 ] botocore.auth - DEBUG - StringToSign:
AWS4-HMAC-SHA256
20250214T111813Z
20250214/eu-north-1/s3/aws4_request
90070faa60c11e8bcf9ce09a8965bf890abc79bf622f9a8afb43e0c8885449ce
[ 2025-02-14 16:48:13,148 ] botocore.auth - DEBUG - Signature:
212b662c811c9e9d4ced0ce9acbf71c662fdb19a23b91c5df39f682e00363019
[ 2025-02-14 16:48:13,149 ] botocore.hooks - DEBUG - Event request-created.s3.ListObjects: calling handler <function add_retry_headers at 0x000002812AAACC10>
[ 2025-02-14 16:48:13,149 ] botocore.endpoint - DEBUG - Sending http request: <AWSPreparedRequest stream_output=False, method=GET, url=https://usvisa-model2026.s3.eu-north-1.amazonaws.com/?prefix=model.pkl&encoding-type=url, headers={'User-Agent': b'Boto3/1.36.20 md/Botocore#1.36.20 ua/2.0 os/windows#10 md/arch#amd64 lang/python#3.8.20 md/pyimpl#CPython cfg/retry-mode#legacy Botocore/1.36.20 Resource', 'X-Amz-Date': b'20250214T111813Z', 'X-Amz-Content-SHA256': b'e3b0c44298fc1c149afbf4c8996fb92427ae41e4649b934ca495991b7852b855', 'Authorization': b'AWS4-HMAC-SHA256 Credential=AKIAYHJANES2QVTSZRJQ/20250214/eu-north-1/s3/aws4_request, SignedHeaders=host;x-amz-content-sha256;x-amz-date, Signature=212b662c811c9e9d4ced0ce9acbf71c662fdb19a23b91c5df39f682e00363019', 'amz-sdk-invocation-id': b'1c7fa7d9-9071-4628-902b-64f3857a2f32', 'amz-sdk-request': b'attempt=1'}>
[ 2025-02-14 16:48:13,150 ] botocore.httpsession - DEBUG - Certificate path: C:\Users\Swapna\anaconda3\envs\visa\lib\site-packages\certifi\cacert.pem
[ 2025-02-14 16:48:13,150 ] urllib3.connectionpool - DEBUG - Starting new HTTPS connection (1): usvisa-model2026.s3.eu-north-1.amazonaws.com:443
[ 2025-02-14 16:48:16,829 ] urllib3.connectionpool - DEBUG - https://usvisa-model2026.s3.eu-north-1.amazonaws.com:443 "GET /?prefix=model.pkl&encoding-type=url HTTP/1.1" 200 None
[ 2025-02-14 16:48:16,831 ] botocore.hooks - DEBUG - Event before-parse.s3.ListObjects: calling handler <function _handle_200_error at 0x000002812AAAD160>
[ 2025-02-14 16:48:16,832 ] botocore.hooks - DEBUG - Event before-parse.s3.ListObjects: calling handler <function handle_expires_header at 0x000002812AAACF70>
[ 2025-02-14 16:48:16,832 ] botocore.parsers - DEBUG - Response headers: {'x-amz-id-2': 'hdmCwfLT8V51yO19Gs4vabgKV8k1uclnHn0HPtZErlmI6MPukcS8J0Ba1B3336n+9TKUgUNKT8M=', 'x-amz-request-id': 'JNNKVTV8MC436AA8', 'Date': 'Fri, 14 Feb 2025 11:18:16 GMT', 'x-amz-bucket-region': 'eu-north-1', 'Content-Type': 'application/xml', 'Transfer-Encoding': 'chunked', 'Server': 'AmazonS3'}
[ 2025-02-14 16:48:16,832 ] botocore.parsers - DEBUG - Response body:
b'<?xml version="1.0" encoding="UTF-8"?>\n<ListBucketResult xmlns="http://s3.amazonaws.com/doc/2006-03-01/"><Name>usvisa-model2026</Name><Prefix>model.pkl</Prefix><Marker></Marker><MaxKeys>1000</MaxKeys><EncodingType>url</EncodingType><IsTruncated>false</IsTruncated><Contents><Key>model.pkl</Key><LastModified>2025-02-14T11:04:34.000Z</LastModified><ETag>&quot;67622878bfc439a3f570664c83542fe1&quot;</ETag><ChecksumAlgorithm>CRC32</ChecksumAlgorithm><ChecksumType>FULL_OBJECT</ChecksumType><Size>2781856</Size><Owner><ID>da099bfafd1450fc97f7fef62e0d7844e801b654b68a5cded0253d35cc9989a0</ID></Owner><StorageClass>STANDARD</StorageClass></Contents></ListBucketResult>'
[ 2025-02-14 16:48:16,834 ] botocore.hooks - DEBUG - Event needs-retry.s3.ListObjects: calling handler <function _update_status_code at 0x000002812AAAD280>
[ 2025-02-14 16:48:16,834 ] botocore.hooks - DEBUG - Event needs-retry.s3.ListObjects: calling handler <botocore.retryhandler.RetryHandler object at 0x000002813CB6E5B0>
[ 2025-02-14 16:48:16,834 ] botocore.retryhandler - DEBUG - No retry needed.
[ 2025-02-14 16:48:16,835 ] botocore.hooks - DEBUG - Event needs-retry.s3.ListObjects: calling handler <bound method S3RegionRedirectorv2.redirect_from_error of <botocore.utils.S3RegionRedirectorv2 object at 0x000002813CB6E610>>
[ 2025-02-14 16:48:16,835 ] botocore.hooks - DEBUG - Event after-call.s3.ListObjects: calling handler <function decode_list_object at 0x000002812AAAC160>
[ 2025-02-14 16:48:16,835 ] boto3.resources.factory - DEBUG - Loading s3:ObjectSummary
[ 2025-02-14 16:48:16,836 ] boto3.resources.model - DEBUG - Renaming ObjectSummary attribute key
[ 2025-02-14 16:48:16,837 ] botocore.hooks - DEBUG - Event creating-resource-class.s3.ObjectSummary: calling handler <function lazy_call.<locals>._handler at 0x000002813BFC09D0>
[ 2025-02-14 16:48:16,837 ] root - INFO - Exited the get_file_object method of S3Operations class
[ 2025-02-14 16:48:16,837 ] root - INFO - Entered the read_object method of S3Operations class
[ 2025-02-14 16:48:16,837 ] root - INFO - Exited the read_object method of S3Operations class
[ 2025-02-14 16:48:16,837 ] boto3.resources.action - DEBUG - Calling s3:get_object with {'Bucket': 'usvisa-model2026', 'Key': 'model.pkl'}
[ 2025-02-14 16:48:16,838 ] botocore.hooks - DEBUG - Event before-parameter-build.s3.GetObject: calling handler <function sse_md5 at 0x000002812AAA5E50>
[ 2025-02-14 16:48:16,838 ] botocore.hooks - DEBUG - Event before-parameter-build.s3.GetObject: calling handler <function validate_bucket_name at 0x000002812AAA5DC0>
[ 2025-02-14 16:48:16,838 ] botocore.hooks - DEBUG - Event before-parameter-build.s3.GetObject: calling handler <function remove_bucket_from_url_paths_from_model at 0x000002812AAACCA0>
[ 2025-02-14 16:48:16,838 ] botocore.hooks - DEBUG - Event before-parameter-build.s3.GetObject: calling handler <bound method S3RegionRedirectorv2.annotate_request_context of <botocore.utils.S3RegionRedirectorv2 object at 0x000002813CB6E610>>
[ 2025-02-14 16:48:16,838 ] botocore.hooks - DEBUG - Event before-parameter-build.s3.GetObject: calling handler <bound method ClientCreator._inject_s3_input_parameters of <botocore.client.ClientCreator object at 0x000002813BFA9280>>
[ 2025-02-14 16:48:16,838 ] botocore.hooks - DEBUG - Event before-parameter-build.s3.GetObject: calling handler <function generate_idempotent_uuid at 0x000002812AAA5C10>
[ 2025-02-14 16:48:16,839 ] botocore.hooks - DEBUG - Event before-parameter-build.s3.GetObject: calling handler <function _handle_request_validation_mode_member at 0x000002812AAAD3A0>
[ 2025-02-14 16:48:16,839 ] botocore.hooks - DEBUG - Event before-endpoint-resolution.s3: calling handler <function customize_endpoint_resolver_builtins at 0x000002812AAACE50>
[ 2025-02-14 16:48:16,839 ] botocore.hooks - DEBUG - Event before-endpoint-resolution.s3: calling handler <bound method S3RegionRedirectorv2.redirect_from_cache of <botocore.utils.S3RegionRedirectorv2 object at 0x000002813CB6E610>>
[ 2025-02-14 16:48:16,839 ] botocore.regions - DEBUG - Calling endpoint provider with parameters: {'Bucket': 'usvisa-model2026', 'Region': 'eu-north-1', 'UseFIPS': False, 'UseDualStack': False, 'ForcePathStyle': False, 'Accelerate': False, 'UseGlobalEndpoint': False, 'Key': 'model.pkl', 'DisableMultiRegionAccessPoints': False, 'UseArnRegion': True}
[ 2025-02-14 16:48:16,840 ] botocore.regions - DEBUG - Endpoint provider result: https://usvisa-model2026.s3.eu-north-1.amazonaws.com
[ 2025-02-14 16:48:16,840 ] botocore.regions - DEBUG - Selecting from endpoint provider's list of auth schemes: "sigv4". User selected auth scheme is: "None"
[ 2025-02-14 16:48:16,841 ] botocore.regions - DEBUG - Selected auth type "v4" as "v4" with signing context params: {'region': 'eu-north-1', 'signing_name': 's3', 'disableDoubleEncoding': True}
[ 2025-02-14 16:48:16,842 ] botocore.hooks - DEBUG - Event before-call.s3.GetObject: calling handler <function add_expect_header at 0x000002812AAAB160>
[ 2025-02-14 16:48:16,842 ] botocore.hooks - DEBUG - Event before-call.s3.GetObject: calling handler <bound method S3ExpressIdentityResolver.apply_signing_cache_key of <botocore.utils.S3ExpressIdentityResolver object at 0x000002813CB6E6D0>>
[ 2025-02-14 16:48:16,842 ] botocore.hooks - DEBUG - Event before-call.s3.GetObject: calling handler <function add_recursion_detection_header at 0x000002812AAA5820>
[ 2025-02-14 16:48:16,842 ] botocore.hooks - DEBUG - Event before-call.s3.GetObject: calling handler <function add_query_compatibility_header at 0x000002812AAAD310>
[ 2025-02-14 16:48:16,842 ] botocore.hooks - DEBUG - Event before-call.s3.GetObject: calling handler <function inject_api_version_header_if_needed at 0x000002812AAAC4C0>
[ 2025-02-14 16:48:16,842 ] botocore.endpoint - DEBUG - Making request for OperationModel(name=GetObject) with params: {'url_path': '/model.pkl', 'query_string': {}, 'method': 'GET', 'headers': {'x-amz-checksum-mode': 'ENABLED', 'User-Agent': 'Boto3/1.36.20 md/Botocore#1.36.20 ua/2.0 os/windows#10 md/arch#amd64 lang/python#3.8.20 md/pyimpl#CPython cfg/retry-mode#legacy Botocore/1.36.20 Resource'}, 'body': b'', 'auth_path': '/usvisa-model2026/model.pkl', 'url': 'https://usvisa-model2026.s3.eu-north-1.amazonaws.com/model.pkl', 'context': {'client_region': 'eu-north-1', 'client_config': <botocore.config.Config object at 0x000002813CB249A0>, 'has_streaming_input': False, 'auth_type': 'v4', 'unsigned_payload': None, 's3_redirect': {'redirected': False, 'bucket': 'usvisa-model2026', 'params': {'Bucket': 'usvisa-model2026', 'Key': 'model.pkl', 'ChecksumMode': 'ENABLED'}}, 'input_params': {'Bucket': 'usvisa-model2026', 'Key': 'model.pkl'}, 'signing': {'region': 'eu-north-1', 'signing_name': 's3', 'disableDoubleEncoding': True}, 'endpoint_properties': {'authSchemes': [{'disableDoubleEncoding': True, 'name': 'sigv4', 'signingName': 's3', 'signingRegion': 'eu-north-1'}]}, 'checksum': {'response_algorithms': ['crc32', 'sha1', 'sha256']}}}
[ 2025-02-14 16:48:16,843 ] botocore.hooks - DEBUG - Event request-created.s3.GetObject: calling handler <bound method RequestSigner.handler of <botocore.signers.RequestSigner object at 0x000002813CB24640>>
[ 2025-02-14 16:48:16,844 ] botocore.hooks - DEBUG - Event choose-signer.s3.GetObject: calling handler <function set_operation_specific_signer at 0x000002812AAA5A60>
[ 2025-02-14 16:48:16,844 ] botocore.hooks - DEBUG - Event before-sign.s3.GetObject: calling handler <function remove_arn_from_signing_path at 0x000002812AAACDC0>
[ 2025-02-14 16:48:16,844 ] botocore.hooks - DEBUG - Event before-sign.s3.GetObject: calling handler <function _set_extra_headers_for_unsigned_request at 0x000002812AAAD430>
[ 2025-02-14 16:48:16,844 ] botocore.hooks - DEBUG - Event before-sign.s3.GetObject: calling handler <bound method S3ExpressIdentityResolver.resolve_s3express_identity of <botocore.utils.S3ExpressIdentityResolver object at 0x000002813CB6E6D0>>
[ 2025-02-14 16:48:16,845 ] botocore.auth - DEBUG - Calculating signature using v4 auth.
[ 2025-02-14 16:48:16,845 ] botocore.auth - DEBUG - CanonicalRequest:
GET
/model.pkl

host:usvisa-model2026.s3.eu-north-1.amazonaws.com
x-amz-checksum-mode:ENABLED
x-amz-content-sha256:e3b0c44298fc1c149afbf4c8996fb92427ae41e4649b934ca495991b7852b855
x-amz-date:20250214T111816Z

host;x-amz-checksum-mode;x-amz-content-sha256;x-amz-date
e3b0c44298fc1c149afbf4c8996fb92427ae41e4649b934ca495991b7852b855
[ 2025-02-14 16:48:16,845 ] botocore.auth - DEBUG - StringToSign:
AWS4-HMAC-SHA256
20250214T111816Z
20250214/eu-north-1/s3/aws4_request
3dd766eec514b16f36fc0c47fb2ac4988181b88af26bf306a0bb5e18280bbd24
[ 2025-02-14 16:48:16,845 ] botocore.auth - DEBUG - Signature:
81c5708cfcf49b898100956f8a561b7f4dc286c40448a5b3543e887decf2fe55
[ 2025-02-14 16:48:16,845 ] botocore.hooks - DEBUG - Event request-created.s3.GetObject: calling handler <function add_retry_headers at 0x000002812AAACC10>
[ 2025-02-14 16:48:16,846 ] botocore.endpoint - DEBUG - Sending http request: <AWSPreparedRequest stream_output=True, method=GET, url=https://usvisa-model2026.s3.eu-north-1.amazonaws.com/model.pkl, headers={'x-amz-checksum-mode': b'ENABLED', 'User-Agent': b'Boto3/1.36.20 md/Botocore#1.36.20 ua/2.0 os/windows#10 md/arch#amd64 lang/python#3.8.20 md/pyimpl#CPython cfg/retry-mode#legacy Botocore/1.36.20 Resource', 'X-Amz-Date': b'20250214T111816Z', 'X-Amz-Content-SHA256': b'e3b0c44298fc1c149afbf4c8996fb92427ae41e4649b934ca495991b7852b855', 'Authorization': b'AWS4-HMAC-SHA256 Credential=AKIAYHJANES2QVTSZRJQ/20250214/eu-north-1/s3/aws4_request, SignedHeaders=host;x-amz-checksum-mode;x-amz-content-sha256;x-amz-date, Signature=81c5708cfcf49b898100956f8a561b7f4dc286c40448a5b3543e887decf2fe55', 'amz-sdk-invocation-id': b'10da1793-8106-499c-96b1-f54a602c203a', 'amz-sdk-request': b'attempt=1'}>
[ 2025-02-14 16:48:16,846 ] botocore.httpsession - DEBUG - Certificate path: C:\Users\Swapna\anaconda3\envs\visa\lib\site-packages\certifi\cacert.pem
[ 2025-02-14 16:48:17,169 ] urllib3.connectionpool - DEBUG - https://usvisa-model2026.s3.eu-north-1.amazonaws.com:443 "GET /model.pkl HTTP/1.1" 200 2781856
[ 2025-02-14 16:48:17,170 ] botocore.hooks - DEBUG - Event before-parse.s3.GetObject: calling handler <function _handle_200_error at 0x000002812AAAD160>
[ 2025-02-14 16:48:17,170 ] botocore.hooks - DEBUG - Event before-parse.s3.GetObject: calling handler <function handle_expires_header at 0x000002812AAACF70>
[ 2025-02-14 16:48:17,170 ] botocore.parsers - DEBUG - Response headers: {'x-amz-id-2': 'TNBLOXdEx+sdgJ4mfmR+T6f4TPjMyRj7Db0CEQjMJzxcalqHsBa1eRsa9i3oz3BWRyl5Rt3W2jo=', 'x-amz-request-id': 'RCYPCCEEZX6HAQHE', 'Date': 'Fri, 14 Feb 2025 11:18:17 GMT', 'Last-Modified': 'Fri, 14 Feb 2025 11:04:34 GMT', 'ETag': '"67622878bfc439a3f570664c83542fe1"', 'x-amz-checksum-crc32': 'Wf70MA==', 'x-amz-checksum-type': 'FULL_OBJECT', 'x-amz-server-side-encryption': 'AES256', 'Accept-Ranges': 'bytes', 'Content-Type': 'binary/octet-stream', 'Content-Length': '2781856', 'Server': 'AmazonS3'}
[ 2025-02-14 16:48:17,171 ] botocore.parsers - DEBUG - Response body:
<botocore.httpchecksum.StreamingChecksumBody object at 0x000002813CC68790>
[ 2025-02-14 16:48:17,172 ] botocore.hooks - DEBUG - Event needs-retry.s3.GetObject: calling handler <function _update_status_code at 0x000002812AAAD280>
[ 2025-02-14 16:48:17,172 ] botocore.hooks - DEBUG - Event needs-retry.s3.GetObject: calling handler <botocore.retryhandler.RetryHandler object at 0x000002813CB6E5B0>
[ 2025-02-14 16:48:17,173 ] botocore.retryhandler - DEBUG - No retry needed.
[ 2025-02-14 16:48:17,173 ] botocore.hooks - DEBUG - Event needs-retry.s3.GetObject: calling handler <bound method S3RegionRedirectorv2.redirect_from_error of <botocore.utils.S3RegionRedirectorv2 object at 0x000002813CB6E610>>
[ 2025-02-14 16:48:17,173 ] boto3.resources.action - DEBUG - Response: {'ResponseMetadata': {'RequestId': 'RCYPCCEEZX6HAQHE', 'HostId': 'TNBLOXdEx+sdgJ4mfmR+T6f4TPjMyRj7Db0CEQjMJzxcalqHsBa1eRsa9i3oz3BWRyl5Rt3W2jo=', 'HTTPStatusCode': 200, 'HTTPHeaders': {'x-amz-id-2': 'TNBLOXdEx+sdgJ4mfmR+T6f4TPjMyRj7Db0CEQjMJzxcalqHsBa1eRsa9i3oz3BWRyl5Rt3W2jo=', 'x-amz-request-id': 'RCYPCCEEZX6HAQHE', 'date': 'Fri, 14 Feb 2025 11:18:17 GMT', 'last-modified': 'Fri, 14 Feb 2025 11:04:34 GMT', 'etag': '"67622878bfc439a3f570664c83542fe1"', 'x-amz-checksum-crc32': 'Wf70MA==', 'x-amz-checksum-type': 'FULL_OBJECT', 'x-amz-server-side-encryption': 'AES256', 'accept-ranges': 'bytes', 'content-type': 'binary/octet-stream', 'content-length': '2781856', 'server': 'AmazonS3'}, 'ChecksumAlgorithm': 'crc32', 'RetryAttempts': 0}, 'AcceptRanges': 'bytes', 'LastModified': datetime.datetime(2025, 2, 14, 11, 4, 34, tzinfo=tzutc()), 'ContentLength': 2781856, 'ETag': '"67622878bfc439a3f570664c83542fe1"', 'ChecksumCRC32': 'Wf70MA==', 'ChecksumType': 'FULL_OBJECT', 'ContentType': 'binary/octet-stream', 'ServerSideEncryption': 'AES256', 'Metadata': {}, 'Body': <botocore.httpchecksum.StreamingChecksumBody object at 0x000002813CC68790>}
