[ 2025-02-14 17:38:55,058 ] asyncio - DEBUG - Using proactor: IocpProactor
[ 2025-02-14 17:40:07,672 ] python_multipart.multipart - DEBUG - Calling on_field_start with no data
[ 2025-02-14 17:40:07,672 ] python_multipart.multipart - DEBUG - Calling on_field_name with data[0:9]
[ 2025-02-14 17:40:07,673 ] python_multipart.multipart - DEBUG - Calling on_field_data with data[10:14]
[ 2025-02-14 17:40:07,673 ] python_multipart.multipart - DEBUG - Calling on_field_end with no data
[ 2025-02-14 17:40:07,673 ] python_multipart.multipart - DEBUG - Calling on_field_start with no data
[ 2025-02-14 17:40:07,683 ] python_multipart.multipart - DEBUG - Calling on_field_name with data[15:36]
[ 2025-02-14 17:40:07,683 ] python_multipart.multipart - DEBUG - Calling on_field_data with data[37:49]
[ 2025-02-14 17:40:07,683 ] python_multipart.multipart - DEBUG - Calling on_field_end with no data
[ 2025-02-14 17:40:07,684 ] python_multipart.multipart - DEBUG - Calling on_field_start with no data
[ 2025-02-14 17:40:07,684 ] python_multipart.multipart - DEBUG - Calling on_field_name with data[50:68]
[ 2025-02-14 17:40:07,684 ] python_multipart.multipart - DEBUG - Calling on_field_data with data[69:70]
[ 2025-02-14 17:40:07,684 ] python_multipart.multipart - DEBUG - Calling on_field_end with no data
[ 2025-02-14 17:40:07,684 ] python_multipart.multipart - DEBUG - Calling on_field_start with no data
[ 2025-02-14 17:40:07,684 ] python_multipart.multipart - DEBUG - Calling on_field_name with data[71:92]
[ 2025-02-14 17:40:07,684 ] python_multipart.multipart - DEBUG - Calling on_field_data with data[93:94]
[ 2025-02-14 17:40:07,685 ] python_multipart.multipart - DEBUG - Calling on_field_end with no data
[ 2025-02-14 17:40:07,685 ] python_multipart.multipart - DEBUG - Calling on_field_start with no data
[ 2025-02-14 17:40:07,685 ] python_multipart.multipart - DEBUG - Calling on_field_name with data[95:110]
[ 2025-02-14 17:40:07,685 ] python_multipart.multipart - DEBUG - Calling on_field_data with data[111:116]
[ 2025-02-14 17:40:07,685 ] python_multipart.multipart - DEBUG - Calling on_field_end with no data
[ 2025-02-14 17:40:07,685 ] python_multipart.multipart - DEBUG - Calling on_field_start with no data
[ 2025-02-14 17:40:07,685 ] python_multipart.multipart - DEBUG - Calling on_field_name with data[117:137]
[ 2025-02-14 17:40:07,686 ] python_multipart.multipart - DEBUG - Calling on_field_data with data[138:147]
[ 2025-02-14 17:40:07,686 ] python_multipart.multipart - DEBUG - Calling on_field_end with no data
[ 2025-02-14 17:40:07,686 ] python_multipart.multipart - DEBUG - Calling on_field_start with no data
[ 2025-02-14 17:40:07,686 ] python_multipart.multipart - DEBUG - Calling on_field_name with data[148:163]
[ 2025-02-14 17:40:07,686 ] python_multipart.multipart - DEBUG - Calling on_field_data with data[164:167]
[ 2025-02-14 17:40:07,686 ] python_multipart.multipart - DEBUG - Calling on_field_end with no data
[ 2025-02-14 17:40:07,686 ] python_multipart.multipart - DEBUG - Calling on_field_start with no data
[ 2025-02-14 17:40:07,687 ] python_multipart.multipart - DEBUG - Calling on_field_name with data[168:180]
[ 2025-02-14 17:40:07,687 ] python_multipart.multipart - DEBUG - Calling on_field_data with data[181:185]
[ 2025-02-14 17:40:07,687 ] python_multipart.multipart - DEBUG - Calling on_field_end with no data
[ 2025-02-14 17:40:07,687 ] python_multipart.multipart - DEBUG - Calling on_field_start with no data
[ 2025-02-14 17:40:07,687 ] python_multipart.multipart - DEBUG - Calling on_field_name with data[186:204]
[ 2025-02-14 17:40:07,687 ] python_multipart.multipart - DEBUG - Calling on_field_data with data[205:206]
[ 2025-02-14 17:40:07,687 ] python_multipart.multipart - DEBUG - Calling on_field_end with no data
[ 2025-02-14 17:40:07,688 ] python_multipart.multipart - DEBUG - Calling on_field_start with no data
[ 2025-02-14 17:40:07,688 ] python_multipart.multipart - DEBUG - Calling on_field_name with data[207:218]
[ 2025-02-14 17:40:07,688 ] python_multipart.multipart - DEBUG - Calling on_field_data with data[219:221]
[ 2025-02-14 17:40:07,690 ] python_multipart.multipart - DEBUG - Calling on_field_end with no data
[ 2025-02-14 17:40:07,690 ] python_multipart.multipart - DEBUG - Calling on_end with no data
[ 2025-02-14 17:40:07,690 ] root - INFO - Entered get_usvisa_data_as_dict method as USvisaData class
[ 2025-02-14 17:40:07,690 ] root - INFO - Created usvisa data dict
[ 2025-02-14 17:40:07,691 ] root - INFO - Exited get_usvisa_data_as_dict method as USvisaData class
[ 2025-02-14 17:40:07,693 ] root - INFO - Entered predict method of USvisaClassifier class
[ 2025-02-14 17:40:07,695 ] botocore.hooks - DEBUG - Changing event name from creating-client-class.iot-data to creating-client-class.iot-data-plane
[ 2025-02-14 17:40:07,701 ] botocore.hooks - DEBUG - Changing event name from before-call.apigateway to before-call.api-gateway
[ 2025-02-14 17:40:07,704 ] botocore.hooks - DEBUG - Changing event name from request-created.machinelearning.Predict to request-created.machine-learning.Predict
[ 2025-02-14 17:40:07,707 ] botocore.hooks - DEBUG - Changing event name from before-parameter-build.autoscaling.CreateLaunchConfiguration to before-parameter-build.auto-scaling.CreateLaunchConfiguration
[ 2025-02-14 17:40:07,708 ] botocore.hooks - DEBUG - Changing event name from before-parameter-build.route53 to before-parameter-build.route-53
[ 2025-02-14 17:40:07,709 ] botocore.hooks - DEBUG - Changing event name from request-created.cloudsearchdomain.Search to request-created.cloudsearch-domain.Search
[ 2025-02-14 17:40:07,711 ] botocore.hooks - DEBUG - Changing event name from docs.*.autoscaling.CreateLaunchConfiguration.complete-section to docs.*.auto-scaling.CreateLaunchConfiguration.complete-section
[ 2025-02-14 17:40:07,718 ] botocore.hooks - DEBUG - Changing event name from before-parameter-build.logs.CreateExportTask to before-parameter-build.cloudwatch-logs.CreateExportTask
[ 2025-02-14 17:40:07,719 ] botocore.hooks - DEBUG - Changing event name from docs.*.logs.CreateExportTask.complete-section to docs.*.cloudwatch-logs.CreateExportTask.complete-section
[ 2025-02-14 17:40:07,720 ] botocore.hooks - DEBUG - Changing event name from before-parameter-build.cloudsearchdomain.Search to before-parameter-build.cloudsearch-domain.Search
[ 2025-02-14 17:40:07,720 ] botocore.hooks - DEBUG - Changing event name from docs.*.cloudsearchdomain.Search.complete-section to docs.*.cloudsearch-domain.Search.complete-section
[ 2025-02-14 17:40:07,916 ] botocore.loaders - DEBUG - Loading JSON file: C:\Users\Swapna\anaconda3\envs\visa\lib\site-packages\boto3\data\s3\2006-03-01\resources-1.json
[ 2025-02-14 17:40:07,924 ] botocore.loaders - DEBUG - Loading JSON file: C:\Users\Swapna\anaconda3\envs\visa\lib\site-packages\botocore\data\endpoints.json
[ 2025-02-14 17:40:07,985 ] botocore.loaders - DEBUG - Loading JSON file: C:\Users\Swapna\anaconda3\envs\visa\lib\site-packages\botocore\data\sdk-default-configuration.json
[ 2025-02-14 17:40:07,985 ] botocore.hooks - DEBUG - Event choose-service-name: calling handler <function handle_service_name_alias at 0x0000029B32E2A700>
[ 2025-02-14 17:40:08,234 ] botocore.loaders - DEBUG - Loading JSON file: C:\Users\Swapna\anaconda3\envs\visa\lib\site-packages\botocore\data\s3\2006-03-01\service-2.json.gz
[ 2025-02-14 17:40:08,262 ] botocore.loaders - DEBUG - Loading JSON file: C:\Users\Swapna\anaconda3\envs\visa\lib\site-packages\botocore\data\s3\2006-03-01\service-2.sdk-extras.json
[ 2025-02-14 17:40:08,500 ] botocore.loaders - DEBUG - Loading JSON file: C:\Users\Swapna\anaconda3\envs\visa\lib\site-packages\botocore\data\s3\2006-03-01\endpoint-rule-set-1.json.gz
[ 2025-02-14 17:40:08,516 ] botocore.loaders - DEBUG - Loading JSON file: C:\Users\Swapna\anaconda3\envs\visa\lib\site-packages\botocore\data\partitions.json
[ 2025-02-14 17:40:08,523 ] botocore.hooks - DEBUG - Event creating-client-class.s3: calling handler <function add_generate_presigned_post at 0x0000029B31DE34C0>
[ 2025-02-14 17:40:08,523 ] botocore.hooks - DEBUG - Event creating-client-class.s3: calling handler <function lazy_call.<locals>._handler at 0x0000029B4435C1F0>
[ 2025-02-14 17:40:08,526 ] botocore.hooks - DEBUG - Event creating-client-class.s3: calling handler <function add_generate_presigned_url at 0x0000029B31DE3280>
[ 2025-02-14 17:40:08,527 ] botocore.configprovider - DEBUG - Looking for endpoint for s3 via: environment_service
[ 2025-02-14 17:40:08,527 ] botocore.configprovider - DEBUG - Looking for endpoint for s3 via: environment_global
[ 2025-02-14 17:40:08,527 ] botocore.configprovider - DEBUG - Looking for endpoint for s3 via: config_service
[ 2025-02-14 17:40:08,528 ] botocore.configprovider - DEBUG - Looking for endpoint for s3 via: config_global
[ 2025-02-14 17:40:08,528 ] botocore.configprovider - DEBUG - No configured endpoint found.
[ 2025-02-14 17:40:08,535 ] botocore.endpoint - DEBUG - Setting s3 timeout as (60, 60)
[ 2025-02-14 17:40:08,547 ] botocore.loaders - DEBUG - Loading JSON file: C:\Users\Swapna\anaconda3\envs\visa\lib\site-packages\botocore\data\_retry.json
[ 2025-02-14 17:40:08,548 ] botocore.client - DEBUG - Registering retry handlers for service: s3
[ 2025-02-14 17:40:08,549 ] botocore.utils - DEBUG - Registering S3 region redirector handler
[ 2025-02-14 17:40:08,551 ] botocore.utils - DEBUG - Registering S3Express Identity Resolver
[ 2025-02-14 17:40:08,552 ] boto3.resources.factory - DEBUG - Loading s3:s3
[ 2025-02-14 17:40:08,555 ] botocore.hooks - DEBUG - Event choose-service-name: calling handler <function handle_service_name_alias at 0x0000029B32E2A700>
[ 2025-02-14 17:40:08,561 ] botocore.hooks - DEBUG - Event creating-client-class.s3: calling handler <function add_generate_presigned_post at 0x0000029B31DE34C0>
[ 2025-02-14 17:40:08,561 ] botocore.hooks - DEBUG - Event creating-client-class.s3: calling handler <function lazy_call.<locals>._handler at 0x0000029B4435C1F0>
[ 2025-02-14 17:40:08,562 ] botocore.hooks - DEBUG - Event creating-client-class.s3: calling handler <function add_generate_presigned_url at 0x0000029B31DE3280>
[ 2025-02-14 17:40:08,563 ] botocore.configprovider - DEBUG - Looking for endpoint for s3 via: environment_service
[ 2025-02-14 17:40:08,563 ] botocore.configprovider - DEBUG - Looking for endpoint for s3 via: environment_global
[ 2025-02-14 17:40:08,563 ] botocore.configprovider - DEBUG - Looking for endpoint for s3 via: config_service
[ 2025-02-14 17:40:08,563 ] botocore.configprovider - DEBUG - Looking for endpoint for s3 via: config_global
[ 2025-02-14 17:40:08,564 ] botocore.configprovider - DEBUG - No configured endpoint found.
[ 2025-02-14 17:40:08,568 ] botocore.endpoint - DEBUG - Setting s3 timeout as (60, 60)
[ 2025-02-14 17:40:08,574 ] botocore.client - DEBUG - Registering retry handlers for service: s3
[ 2025-02-14 17:40:08,575 ] botocore.utils - DEBUG - Registering S3 region redirector handler
[ 2025-02-14 17:40:08,576 ] botocore.utils - DEBUG - Registering S3Express Identity Resolver
[ 2025-02-14 17:40:08,577 ] root - INFO - Entered the load_model method of S3Operations class
[ 2025-02-14 17:40:08,577 ] root - INFO - Entered the get_file_object method of S3Operations class
[ 2025-02-14 17:40:08,577 ] root - INFO - Entered the get_bucket method of S3Operations class
[ 2025-02-14 17:40:08,577 ] boto3.resources.factory - DEBUG - Loading s3:Bucket
[ 2025-02-14 17:40:08,578 ] boto3.resources.model - DEBUG - Renaming Bucket attribute name
[ 2025-02-14 17:40:08,583 ] botocore.hooks - DEBUG - Event creating-resource-class.s3.Bucket: calling handler <function lazy_call.<locals>._handler at 0x0000029B4435C940>
[ 2025-02-14 17:40:08,583 ] root - INFO - Exited the get_bucket method of S3Operations class
[ 2025-02-14 17:40:08,789 ] botocore.loaders - DEBUG - Loading JSON file: C:\Users\Swapna\anaconda3\envs\visa\lib\site-packages\botocore\data\s3\2006-03-01\paginators-1.json
[ 2025-02-14 17:40:08,791 ] botocore.loaders - DEBUG - Loading JSON file: C:\Users\Swapna\anaconda3\envs\visa\lib\site-packages\botocore\data\s3\2006-03-01\paginators-1.sdk-extras.json
[ 2025-02-14 17:40:08,792 ] boto3.resources.collection - DEBUG - Calling paginated s3:list_objects with {'Bucket': 'usvisa-model2026', 'Prefix': 'model.pkl'}
[ 2025-02-14 17:40:08,794 ] botocore.hooks - DEBUG - Event before-parameter-build.s3.ListObjects: calling handler <function set_list_objects_encoding_type_url at 0x0000029B32E4C160>
[ 2025-02-14 17:40:08,794 ] botocore.hooks - DEBUG - Event before-parameter-build.s3.ListObjects: calling handler <function validate_bucket_name at 0x0000029B32E45E50>
[ 2025-02-14 17:40:08,795 ] botocore.hooks - DEBUG - Event before-parameter-build.s3.ListObjects: calling handler <function remove_bucket_from_url_paths_from_model at 0x0000029B32E4CD30>
[ 2025-02-14 17:40:08,795 ] botocore.hooks - DEBUG - Event before-parameter-build.s3.ListObjects: calling handler <bound method S3RegionRedirectorv2.annotate_request_context of <botocore.utils.S3RegionRedirectorv2 object at 0x0000029B44F1F5E0>>
[ 2025-02-14 17:40:08,795 ] botocore.hooks - DEBUG - Event before-parameter-build.s3.ListObjects: calling handler <bound method ClientCreator._inject_s3_input_parameters of <botocore.client.ClientCreator object at 0x0000029B4435D580>>
[ 2025-02-14 17:40:08,795 ] botocore.hooks - DEBUG - Event before-parameter-build.s3.ListObjects: calling handler <function generate_idempotent_uuid at 0x0000029B32E45CA0>
[ 2025-02-14 17:40:08,796 ] botocore.hooks - DEBUG - Event before-parameter-build.s3.ListObjects: calling handler <function _handle_request_validation_mode_member at 0x0000029B32E4D430>
[ 2025-02-14 17:40:08,796 ] botocore.hooks - DEBUG - Event before-endpoint-resolution.s3: calling handler <function customize_endpoint_resolver_builtins at 0x0000029B32E4CEE0>
[ 2025-02-14 17:40:08,796 ] botocore.hooks - DEBUG - Event before-endpoint-resolution.s3: calling handler <bound method S3RegionRedirectorv2.redirect_from_cache of <botocore.utils.S3RegionRedirectorv2 object at 0x0000029B44F1F5E0>>
[ 2025-02-14 17:40:08,797 ] botocore.regions - DEBUG - Calling endpoint provider with parameters: {'Bucket': 'usvisa-model2026', 'Region': 'eu-north-1', 'UseFIPS': False, 'UseDualStack': False, 'ForcePathStyle': False, 'Accelerate': False, 'UseGlobalEndpoint': False, 'Prefix': 'model.pkl', 'DisableMultiRegionAccessPoints': False, 'UseArnRegion': True}
[ 2025-02-14 17:40:08,801 ] botocore.regions - DEBUG - Endpoint provider result: https://usvisa-model2026.s3.eu-north-1.amazonaws.com
[ 2025-02-14 17:40:08,801 ] botocore.regions - DEBUG - Selecting from endpoint provider's list of auth schemes: "sigv4". User selected auth scheme is: "None"
[ 2025-02-14 17:40:08,801 ] botocore.regions - DEBUG - Selected auth type "v4" as "v4" with signing context params: {'region': 'eu-north-1', 'signing_name': 's3', 'disableDoubleEncoding': True}
[ 2025-02-14 17:40:08,802 ] botocore.hooks - DEBUG - Event before-call.s3.ListObjects: calling handler <function add_expect_header at 0x0000029B32E4A1F0>
[ 2025-02-14 17:40:08,803 ] botocore.hooks - DEBUG - Event before-call.s3.ListObjects: calling handler <bound method S3ExpressIdentityResolver.apply_signing_cache_key of <botocore.utils.S3ExpressIdentityResolver object at 0x0000029B44F1F6A0>>
[ 2025-02-14 17:40:08,803 ] botocore.hooks - DEBUG - Event before-call.s3.ListObjects: calling handler <function add_recursion_detection_header at 0x0000029B32E458B0>
[ 2025-02-14 17:40:08,803 ] botocore.hooks - DEBUG - Event before-call.s3.ListObjects: calling handler <function add_query_compatibility_header at 0x0000029B32E4D3A0>
[ 2025-02-14 17:40:08,803 ] botocore.hooks - DEBUG - Event before-call.s3.ListObjects: calling handler <function inject_api_version_header_if_needed at 0x0000029B32E4C550>
[ 2025-02-14 17:40:08,803 ] botocore.endpoint - DEBUG - Making request for OperationModel(name=ListObjects) with params: {'url_path': '', 'query_string': {'prefix': 'model.pkl', 'encoding-type': 'url'}, 'method': 'GET', 'headers': {'User-Agent': 'Boto3/1.36.20 md/Botocore#1.36.20 ua/2.0 os/windows#10 md/arch#amd64 lang/python#3.8.20 md/pyimpl#CPython cfg/retry-mode#legacy Botocore/1.36.20 Resource'}, 'body': b'', 'auth_path': '/usvisa-model2026/', 'url': 'https://usvisa-model2026.s3.eu-north-1.amazonaws.com/?prefix=model.pkl&encoding-type=url', 'context': {'client_region': 'eu-north-1', 'client_config': <botocore.config.Config object at 0x0000029B44EC7970>, 'has_streaming_input': False, 'auth_type': 'v4', 'unsigned_payload': None, 'encoding_type_auto_set': True, 's3_redirect': {'redirected': False, 'bucket': 'usvisa-model2026', 'params': {'Bucket': 'usvisa-model2026', 'Prefix': 'model.pkl', 'EncodingType': 'url'}}, 'input_params': {'Bucket': 'usvisa-model2026', 'Prefix': 'model.pkl'}, 'signing': {'region': 'eu-north-1', 'signing_name': 's3', 'disableDoubleEncoding': True}, 'endpoint_properties': {'authSchemes': [{'disableDoubleEncoding': True, 'name': 'sigv4', 'signingName': 's3', 'signingRegion': 'eu-north-1'}]}}}
[ 2025-02-14 17:40:08,804 ] botocore.hooks - DEBUG - Event request-created.s3.ListObjects: calling handler <bound method RequestSigner.handler of <botocore.signers.RequestSigner object at 0x0000029B44EC7610>>
[ 2025-02-14 17:40:08,805 ] botocore.hooks - DEBUG - Event choose-signer.s3.ListObjects: calling handler <function set_operation_specific_signer at 0x0000029B32E45AF0>
[ 2025-02-14 17:40:08,805 ] botocore.hooks - DEBUG - Event before-sign.s3.ListObjects: calling handler <function remove_arn_from_signing_path at 0x0000029B32E4CE50>
[ 2025-02-14 17:40:08,805 ] botocore.hooks - DEBUG - Event before-sign.s3.ListObjects: calling handler <function _set_extra_headers_for_unsigned_request at 0x0000029B32E4D4C0>
[ 2025-02-14 17:40:08,806 ] botocore.hooks - DEBUG - Event before-sign.s3.ListObjects: calling handler <bound method S3ExpressIdentityResolver.resolve_s3express_identity of <botocore.utils.S3ExpressIdentityResolver object at 0x0000029B44F1F6A0>>
[ 2025-02-14 17:40:08,807 ] botocore.auth - DEBUG - Calculating signature using v4 auth.
[ 2025-02-14 17:40:08,807 ] botocore.auth - DEBUG - CanonicalRequest:
GET
/
encoding-type=url&prefix=model.pkl
host:usvisa-model2026.s3.eu-north-1.amazonaws.com
x-amz-content-sha256:e3b0c44298fc1c149afbf4c8996fb92427ae41e4649b934ca495991b7852b855
x-amz-date:20250214T121008Z

host;x-amz-content-sha256;x-amz-date
e3b0c44298fc1c149afbf4c8996fb92427ae41e4649b934ca495991b7852b855
[ 2025-02-14 17:40:08,807 ] botocore.auth - DEBUG - StringToSign:
AWS4-HMAC-SHA256
20250214T121008Z
20250214/eu-north-1/s3/aws4_request
aaac850a3b606e4ce7fecc485993b69ebade3ff23e8a42effca80a69aeefcae4
[ 2025-02-14 17:40:08,808 ] botocore.auth - DEBUG - Signature:
ddd7a57d8008939d918f9e476c676de1ec6908db4f0383693e0efe0e95ccbe30
[ 2025-02-14 17:40:08,808 ] botocore.hooks - DEBUG - Event request-created.s3.ListObjects: calling handler <function add_retry_headers at 0x0000029B32E4CCA0>
[ 2025-02-14 17:40:08,808 ] botocore.endpoint - DEBUG - Sending http request: <AWSPreparedRequest stream_output=False, method=GET, url=https://usvisa-model2026.s3.eu-north-1.amazonaws.com/?prefix=model.pkl&encoding-type=url, headers={'User-Agent': b'Boto3/1.36.20 md/Botocore#1.36.20 ua/2.0 os/windows#10 md/arch#amd64 lang/python#3.8.20 md/pyimpl#CPython cfg/retry-mode#legacy Botocore/1.36.20 Resource', 'X-Amz-Date': b'20250214T121008Z', 'X-Amz-Content-SHA256': b'e3b0c44298fc1c149afbf4c8996fb92427ae41e4649b934ca495991b7852b855', 'Authorization': b'AWS4-HMAC-SHA256 Credential=AKIAYHJANES2QVTSZRJQ/20250214/eu-north-1/s3/aws4_request, SignedHeaders=host;x-amz-content-sha256;x-amz-date, Signature=ddd7a57d8008939d918f9e476c676de1ec6908db4f0383693e0efe0e95ccbe30', 'amz-sdk-invocation-id': b'253c7144-bf23-4632-9fa5-aeddf42ae13a', 'amz-sdk-request': b'attempt=1'}>
[ 2025-02-14 17:40:08,810 ] botocore.httpsession - DEBUG - Certificate path: C:\Users\Swapna\anaconda3\envs\visa\lib\site-packages\certifi\cacert.pem
[ 2025-02-14 17:40:08,811 ] urllib3.connectionpool - DEBUG - Starting new HTTPS connection (1): usvisa-model2026.s3.eu-north-1.amazonaws.com:443
[ 2025-02-14 17:40:10,637 ] urllib3.connectionpool - DEBUG - https://usvisa-model2026.s3.eu-north-1.amazonaws.com:443 "GET /?prefix=model.pkl&encoding-type=url HTTP/1.1" 200 None
[ 2025-02-14 17:40:10,638 ] botocore.hooks - DEBUG - Event before-parse.s3.ListObjects: calling handler <function _handle_200_error at 0x0000029B32E4D1F0>
[ 2025-02-14 17:40:10,639 ] botocore.hooks - DEBUG - Event before-parse.s3.ListObjects: calling handler <function handle_expires_header at 0x0000029B32E4D040>
[ 2025-02-14 17:40:10,639 ] botocore.parsers - DEBUG - Response headers: {'x-amz-id-2': 'vebMtNYT5a+F6jnMdE6uhz2bGIqleTht1WjcMD8tuksQn/eXOiKegRIJIQMwYrZbj0oSfJciwfc=', 'x-amz-request-id': 'QRP6WAE5HVWN41EP', 'Date': 'Fri, 14 Feb 2025 12:10:10 GMT', 'x-amz-bucket-region': 'eu-north-1', 'Content-Type': 'application/xml', 'Transfer-Encoding': 'chunked', 'Server': 'AmazonS3'}
[ 2025-02-14 17:40:10,639 ] botocore.parsers - DEBUG - Response body:
b'<?xml version="1.0" encoding="UTF-8"?>\n<ListBucketResult xmlns="http://s3.amazonaws.com/doc/2006-03-01/"><Name>usvisa-model2026</Name><Prefix>model.pkl</Prefix><Marker></Marker><MaxKeys>1000</MaxKeys><EncodingType>url</EncodingType><IsTruncated>false</IsTruncated><Contents><Key>model.pkl</Key><LastModified>2025-02-14T11:04:34.000Z</LastModified><ETag>&quot;67622878bfc439a3f570664c83542fe1&quot;</ETag><ChecksumAlgorithm>CRC32</ChecksumAlgorithm><ChecksumType>FULL_OBJECT</ChecksumType><Size>2781856</Size><Owner><ID>da099bfafd1450fc97f7fef62e0d7844e801b654b68a5cded0253d35cc9989a0</ID></Owner><StorageClass>STANDARD</StorageClass></Contents></ListBucketResult>'
[ 2025-02-14 17:40:10,641 ] botocore.hooks - DEBUG - Event needs-retry.s3.ListObjects: calling handler <function _update_status_code at 0x0000029B32E4D310>
[ 2025-02-14 17:40:10,642 ] botocore.hooks - DEBUG - Event needs-retry.s3.ListObjects: calling handler <botocore.retryhandler.RetryHandler object at 0x0000029B44F1F580>
[ 2025-02-14 17:40:10,642 ] botocore.retryhandler - DEBUG - No retry needed.
[ 2025-02-14 17:40:10,642 ] botocore.hooks - DEBUG - Event needs-retry.s3.ListObjects: calling handler <bound method S3RegionRedirectorv2.redirect_from_error of <botocore.utils.S3RegionRedirectorv2 object at 0x0000029B44F1F5E0>>
[ 2025-02-14 17:40:10,642 ] botocore.hooks - DEBUG - Event after-call.s3.ListObjects: calling handler <function decode_list_object at 0x0000029B32E4C1F0>
[ 2025-02-14 17:40:10,643 ] boto3.resources.factory - DEBUG - Loading s3:ObjectSummary
[ 2025-02-14 17:40:10,643 ] boto3.resources.model - DEBUG - Renaming ObjectSummary attribute key
[ 2025-02-14 17:40:10,645 ] botocore.hooks - DEBUG - Event creating-resource-class.s3.ObjectSummary: calling handler <function lazy_call.<locals>._handler at 0x0000029B4435CA60>
[ 2025-02-14 17:40:10,646 ] root - INFO - Exited the get_file_object method of S3Operations class
[ 2025-02-14 17:40:10,646 ] root - INFO - Entered the read_object method of S3Operations class
[ 2025-02-14 17:40:10,646 ] root - INFO - Exited the read_object method of S3Operations class
[ 2025-02-14 17:40:10,646 ] boto3.resources.action - DEBUG - Calling s3:get_object with {'Bucket': 'usvisa-model2026', 'Key': 'model.pkl'}
[ 2025-02-14 17:40:10,647 ] botocore.hooks - DEBUG - Event before-parameter-build.s3.GetObject: calling handler <function sse_md5 at 0x0000029B32E45EE0>
[ 2025-02-14 17:40:10,647 ] botocore.hooks - DEBUG - Event before-parameter-build.s3.GetObject: calling handler <function validate_bucket_name at 0x0000029B32E45E50>
[ 2025-02-14 17:40:10,647 ] botocore.hooks - DEBUG - Event before-parameter-build.s3.GetObject: calling handler <function remove_bucket_from_url_paths_from_model at 0x0000029B32E4CD30>
[ 2025-02-14 17:40:10,647 ] botocore.hooks - DEBUG - Event before-parameter-build.s3.GetObject: calling handler <bound method S3RegionRedirectorv2.annotate_request_context of <botocore.utils.S3RegionRedirectorv2 object at 0x0000029B44F1F5E0>>
[ 2025-02-14 17:40:10,647 ] botocore.hooks - DEBUG - Event before-parameter-build.s3.GetObject: calling handler <bound method ClientCreator._inject_s3_input_parameters of <botocore.client.ClientCreator object at 0x0000029B4435D580>>
[ 2025-02-14 17:40:10,648 ] botocore.hooks - DEBUG - Event before-parameter-build.s3.GetObject: calling handler <function generate_idempotent_uuid at 0x0000029B32E45CA0>
[ 2025-02-14 17:40:10,648 ] botocore.hooks - DEBUG - Event before-parameter-build.s3.GetObject: calling handler <function _handle_request_validation_mode_member at 0x0000029B32E4D430>
[ 2025-02-14 17:40:10,648 ] botocore.hooks - DEBUG - Event before-endpoint-resolution.s3: calling handler <function customize_endpoint_resolver_builtins at 0x0000029B32E4CEE0>
[ 2025-02-14 17:40:10,649 ] botocore.hooks - DEBUG - Event before-endpoint-resolution.s3: calling handler <bound method S3RegionRedirectorv2.redirect_from_cache of <botocore.utils.S3RegionRedirectorv2 object at 0x0000029B44F1F5E0>>
[ 2025-02-14 17:40:10,649 ] botocore.regions - DEBUG - Calling endpoint provider with parameters: {'Bucket': 'usvisa-model2026', 'Region': 'eu-north-1', 'UseFIPS': False, 'UseDualStack': False, 'ForcePathStyle': False, 'Accelerate': False, 'UseGlobalEndpoint': False, 'Key': 'model.pkl', 'DisableMultiRegionAccessPoints': False, 'UseArnRegion': True}
[ 2025-02-14 17:40:10,651 ] botocore.regions - DEBUG - Endpoint provider result: https://usvisa-model2026.s3.eu-north-1.amazonaws.com
[ 2025-02-14 17:40:10,651 ] botocore.regions - DEBUG - Selecting from endpoint provider's list of auth schemes: "sigv4". User selected auth scheme is: "None"
[ 2025-02-14 17:40:10,651 ] botocore.regions - DEBUG - Selected auth type "v4" as "v4" with signing context params: {'region': 'eu-north-1', 'signing_name': 's3', 'disableDoubleEncoding': True}
[ 2025-02-14 17:40:10,652 ] botocore.hooks - DEBUG - Event before-call.s3.GetObject: calling handler <function add_expect_header at 0x0000029B32E4A1F0>
[ 2025-02-14 17:40:10,652 ] botocore.hooks - DEBUG - Event before-call.s3.GetObject: calling handler <bound method S3ExpressIdentityResolver.apply_signing_cache_key of <botocore.utils.S3ExpressIdentityResolver object at 0x0000029B44F1F6A0>>
[ 2025-02-14 17:40:10,653 ] botocore.hooks - DEBUG - Event before-call.s3.GetObject: calling handler <function add_recursion_detection_header at 0x0000029B32E458B0>
[ 2025-02-14 17:40:10,653 ] botocore.hooks - DEBUG - Event before-call.s3.GetObject: calling handler <function add_query_compatibility_header at 0x0000029B32E4D3A0>
[ 2025-02-14 17:40:10,653 ] botocore.hooks - DEBUG - Event before-call.s3.GetObject: calling handler <function inject_api_version_header_if_needed at 0x0000029B32E4C550>
[ 2025-02-14 17:40:10,653 ] botocore.endpoint - DEBUG - Making request for OperationModel(name=GetObject) with params: {'url_path': '/model.pkl', 'query_string': {}, 'method': 'GET', 'headers': {'x-amz-checksum-mode': 'ENABLED', 'User-Agent': 'Boto3/1.36.20 md/Botocore#1.36.20 ua/2.0 os/windows#10 md/arch#amd64 lang/python#3.8.20 md/pyimpl#CPython cfg/retry-mode#legacy Botocore/1.36.20 Resource'}, 'body': b'', 'auth_path': '/usvisa-model2026/model.pkl', 'url': 'https://usvisa-model2026.s3.eu-north-1.amazonaws.com/model.pkl', 'context': {'client_region': 'eu-north-1', 'client_config': <botocore.config.Config object at 0x0000029B44EC7970>, 'has_streaming_input': False, 'auth_type': 'v4', 'unsigned_payload': None, 's3_redirect': {'redirected': False, 'bucket': 'usvisa-model2026', 'params': {'Bucket': 'usvisa-model2026', 'Key': 'model.pkl', 'ChecksumMode': 'ENABLED'}}, 'input_params': {'Bucket': 'usvisa-model2026', 'Key': 'model.pkl'}, 'signing': {'region': 'eu-north-1', 'signing_name': 's3', 'disableDoubleEncoding': True}, 'endpoint_properties': {'authSchemes': [{'disableDoubleEncoding': True, 'name': 'sigv4', 'signingName': 's3', 'signingRegion': 'eu-north-1'}]}, 'checksum': {'response_algorithms': ['crc32', 'sha1', 'sha256']}}}
[ 2025-02-14 17:40:10,655 ] botocore.hooks - DEBUG - Event request-created.s3.GetObject: calling handler <bound method RequestSigner.handler of <botocore.signers.RequestSigner object at 0x0000029B44EC7610>>
[ 2025-02-14 17:40:10,655 ] botocore.hooks - DEBUG - Event choose-signer.s3.GetObject: calling handler <function set_operation_specific_signer at 0x0000029B32E45AF0>
[ 2025-02-14 17:40:10,655 ] botocore.hooks - DEBUG - Event before-sign.s3.GetObject: calling handler <function remove_arn_from_signing_path at 0x0000029B32E4CE50>
[ 2025-02-14 17:40:10,656 ] botocore.hooks - DEBUG - Event before-sign.s3.GetObject: calling handler <function _set_extra_headers_for_unsigned_request at 0x0000029B32E4D4C0>
[ 2025-02-14 17:40:10,656 ] botocore.hooks - DEBUG - Event before-sign.s3.GetObject: calling handler <bound method S3ExpressIdentityResolver.resolve_s3express_identity of <botocore.utils.S3ExpressIdentityResolver object at 0x0000029B44F1F6A0>>
[ 2025-02-14 17:40:10,657 ] botocore.auth - DEBUG - Calculating signature using v4 auth.
[ 2025-02-14 17:40:10,657 ] botocore.auth - DEBUG - CanonicalRequest:
GET
/model.pkl

host:usvisa-model2026.s3.eu-north-1.amazonaws.com
x-amz-checksum-mode:ENABLED
x-amz-content-sha256:e3b0c44298fc1c149afbf4c8996fb92427ae41e4649b934ca495991b7852b855
x-amz-date:20250214T121010Z

host;x-amz-checksum-mode;x-amz-content-sha256;x-amz-date
e3b0c44298fc1c149afbf4c8996fb92427ae41e4649b934ca495991b7852b855
[ 2025-02-14 17:40:10,657 ] botocore.auth - DEBUG - StringToSign:
AWS4-HMAC-SHA256
20250214T121010Z
20250214/eu-north-1/s3/aws4_request
67e5659e943166bbc706aa521c49cb1d4491b684db00d46b87b2c7dfd35f4135
[ 2025-02-14 17:40:10,657 ] botocore.auth - DEBUG - Signature:
70115c785d8115980ea6b674eb579ec0bf13e60628f33758ad42dc51947b58e6
[ 2025-02-14 17:40:10,658 ] botocore.hooks - DEBUG - Event request-created.s3.GetObject: calling handler <function add_retry_headers at 0x0000029B32E4CCA0>
[ 2025-02-14 17:40:10,658 ] botocore.endpoint - DEBUG - Sending http request: <AWSPreparedRequest stream_output=True, method=GET, url=https://usvisa-model2026.s3.eu-north-1.amazonaws.com/model.pkl, headers={'x-amz-checksum-mode': b'ENABLED', 'User-Agent': b'Boto3/1.36.20 md/Botocore#1.36.20 ua/2.0 os/windows#10 md/arch#amd64 lang/python#3.8.20 md/pyimpl#CPython cfg/retry-mode#legacy Botocore/1.36.20 Resource', 'X-Amz-Date': b'20250214T121010Z', 'X-Amz-Content-SHA256': b'e3b0c44298fc1c149afbf4c8996fb92427ae41e4649b934ca495991b7852b855', 'Authorization': b'AWS4-HMAC-SHA256 Credential=AKIAYHJANES2QVTSZRJQ/20250214/eu-north-1/s3/aws4_request, SignedHeaders=host;x-amz-checksum-mode;x-amz-content-sha256;x-amz-date, Signature=70115c785d8115980ea6b674eb579ec0bf13e60628f33758ad42dc51947b58e6', 'amz-sdk-invocation-id': b'18cb01da-a075-4f60-9368-58221253d584', 'amz-sdk-request': b'attempt=1'}>
[ 2025-02-14 17:40:10,659 ] botocore.httpsession - DEBUG - Certificate path: C:\Users\Swapna\anaconda3\envs\visa\lib\site-packages\certifi\cacert.pem
[ 2025-02-14 17:40:10,949 ] urllib3.connectionpool - DEBUG - https://usvisa-model2026.s3.eu-north-1.amazonaws.com:443 "GET /model.pkl HTTP/1.1" 200 2781856
[ 2025-02-14 17:40:10,950 ] botocore.hooks - DEBUG - Event before-parse.s3.GetObject: calling handler <function _handle_200_error at 0x0000029B32E4D1F0>
[ 2025-02-14 17:40:10,950 ] botocore.hooks - DEBUG - Event before-parse.s3.GetObject: calling handler <function handle_expires_header at 0x0000029B32E4D040>
[ 2025-02-14 17:40:10,950 ] botocore.parsers - DEBUG - Response headers: {'x-amz-id-2': 'gWsx/DnKvp2Fj8vUDLfnN4CM91ZGAUVxobqjdY8ZXCur76N9p+enNvB+WkgjR+4x1cfrXq1VbVw=', 'x-amz-request-id': 'QRP3B0Z18R45M6YB', 'Date': 'Fri, 14 Feb 2025 12:10:11 GMT', 'Last-Modified': 'Fri, 14 Feb 2025 11:04:34 GMT', 'ETag': '"67622878bfc439a3f570664c83542fe1"', 'x-amz-checksum-crc32': 'Wf70MA==', 'x-amz-checksum-type': 'FULL_OBJECT', 'x-amz-server-side-encryption': 'AES256', 'Accept-Ranges': 'bytes', 'Content-Type': 'binary/octet-stream', 'Content-Length': '2781856', 'Server': 'AmazonS3'}
[ 2025-02-14 17:40:10,951 ] botocore.parsers - DEBUG - Response body:
<botocore.httpchecksum.StreamingChecksumBody object at 0x0000029B4500D640>
[ 2025-02-14 17:40:10,953 ] botocore.hooks - DEBUG - Event needs-retry.s3.GetObject: calling handler <function _update_status_code at 0x0000029B32E4D310>
[ 2025-02-14 17:40:10,954 ] botocore.hooks - DEBUG - Event needs-retry.s3.GetObject: calling handler <botocore.retryhandler.RetryHandler object at 0x0000029B44F1F580>
[ 2025-02-14 17:40:10,954 ] botocore.retryhandler - DEBUG - No retry needed.
[ 2025-02-14 17:40:10,955 ] botocore.hooks - DEBUG - Event needs-retry.s3.GetObject: calling handler <bound method S3RegionRedirectorv2.redirect_from_error of <botocore.utils.S3RegionRedirectorv2 object at 0x0000029B44F1F5E0>>
[ 2025-02-14 17:40:10,955 ] boto3.resources.action - DEBUG - Response: {'ResponseMetadata': {'RequestId': 'QRP3B0Z18R45M6YB', 'HostId': 'gWsx/DnKvp2Fj8vUDLfnN4CM91ZGAUVxobqjdY8ZXCur76N9p+enNvB+WkgjR+4x1cfrXq1VbVw=', 'HTTPStatusCode': 200, 'HTTPHeaders': {'x-amz-id-2': 'gWsx/DnKvp2Fj8vUDLfnN4CM91ZGAUVxobqjdY8ZXCur76N9p+enNvB+WkgjR+4x1cfrXq1VbVw=', 'x-amz-request-id': 'QRP3B0Z18R45M6YB', 'date': 'Fri, 14 Feb 2025 12:10:11 GMT', 'last-modified': 'Fri, 14 Feb 2025 11:04:34 GMT', 'etag': '"67622878bfc439a3f570664c83542fe1"', 'x-amz-checksum-crc32': 'Wf70MA==', 'x-amz-checksum-type': 'FULL_OBJECT', 'x-amz-server-side-encryption': 'AES256', 'accept-ranges': 'bytes', 'content-type': 'binary/octet-stream', 'content-length': '2781856', 'server': 'AmazonS3'}, 'ChecksumAlgorithm': 'crc32', 'RetryAttempts': 0}, 'AcceptRanges': 'bytes', 'LastModified': datetime.datetime(2025, 2, 14, 11, 4, 34, tzinfo=tzutc()), 'ContentLength': 2781856, 'ETag': '"67622878bfc439a3f570664c83542fe1"', 'ChecksumCRC32': 'Wf70MA==', 'ChecksumType': 'FULL_OBJECT', 'ContentType': 'binary/octet-stream', 'ServerSideEncryption': 'AES256', 'Metadata': {}, 'Body': <botocore.httpchecksum.StreamingChecksumBody object at 0x0000029B4500D640>}
[ 2025-02-14 17:40:15,526 ] root - INFO - Exited the load_model method of S3Operations class
[ 2025-02-14 17:40:15,527 ] root - INFO - Entered predict method of UTruckModel class
[ 2025-02-14 17:40:15,527 ] root - INFO - Using the trained model to get predictions
[ 2025-02-14 17:40:15,548 ] root - INFO - Used the trained model to get predictions
[ 2025-02-14 17:41:54,339 ] python_multipart.multipart - DEBUG - Calling on_field_start with no data
[ 2025-02-14 17:41:54,339 ] python_multipart.multipart - DEBUG - Calling on_field_name with data[0:9]
[ 2025-02-14 17:41:54,339 ] python_multipart.multipart - DEBUG - Calling on_field_data with data[10:16]
[ 2025-02-14 17:41:54,339 ] python_multipart.multipart - DEBUG - Calling on_field_end with no data
[ 2025-02-14 17:41:54,340 ] python_multipart.multipart - DEBUG - Calling on_field_start with no data
[ 2025-02-14 17:41:54,340 ] python_multipart.multipart - DEBUG - Calling on_field_name with data[17:38]
[ 2025-02-14 17:41:54,340 ] python_multipart.multipart - DEBUG - Calling on_field_data with data[39:51]
[ 2025-02-14 17:41:54,340 ] python_multipart.multipart - DEBUG - Calling on_field_end with no data
[ 2025-02-14 17:41:54,340 ] python_multipart.multipart - DEBUG - Calling on_field_start with no data
[ 2025-02-14 17:41:54,340 ] python_multipart.multipart - DEBUG - Calling on_field_name with data[52:70]
[ 2025-02-14 17:41:54,340 ] python_multipart.multipart - DEBUG - Calling on_field_data with data[71:72]
[ 2025-02-14 17:41:54,341 ] python_multipart.multipart - DEBUG - Calling on_field_end with no data
[ 2025-02-14 17:41:54,341 ] python_multipart.multipart - DEBUG - Calling on_field_start with no data
[ 2025-02-14 17:41:54,341 ] python_multipart.multipart - DEBUG - Calling on_field_name with data[73:94]
[ 2025-02-14 17:41:54,341 ] python_multipart.multipart - DEBUG - Calling on_field_data with data[95:96]
[ 2025-02-14 17:41:54,341 ] python_multipart.multipart - DEBUG - Calling on_field_end with no data
[ 2025-02-14 17:41:54,341 ] python_multipart.multipart - DEBUG - Calling on_field_start with no data
[ 2025-02-14 17:41:54,341 ] python_multipart.multipart - DEBUG - Calling on_field_name with data[97:112]
[ 2025-02-14 17:41:54,342 ] python_multipart.multipart - DEBUG - Calling on_field_data with data[113:118]
[ 2025-02-14 17:41:54,342 ] python_multipart.multipart - DEBUG - Calling on_field_end with no data
[ 2025-02-14 17:41:54,342 ] python_multipart.multipart - DEBUG - Calling on_field_start with no data
[ 2025-02-14 17:41:54,342 ] python_multipart.multipart - DEBUG - Calling on_field_name with data[119:139]
[ 2025-02-14 17:41:54,342 ] python_multipart.multipart - DEBUG - Calling on_field_data with data[140:149]
[ 2025-02-14 17:41:54,342 ] python_multipart.multipart - DEBUG - Calling on_field_end with no data
[ 2025-02-14 17:41:54,342 ] python_multipart.multipart - DEBUG - Calling on_field_start with no data
[ 2025-02-14 17:41:54,343 ] python_multipart.multipart - DEBUG - Calling on_field_name with data[150:165]
[ 2025-02-14 17:41:54,343 ] python_multipart.multipart - DEBUG - Calling on_field_data with data[166:169]
[ 2025-02-14 17:41:54,343 ] python_multipart.multipart - DEBUG - Calling on_field_end with no data
[ 2025-02-14 17:41:54,343 ] python_multipart.multipart - DEBUG - Calling on_field_start with no data
[ 2025-02-14 17:41:54,343 ] python_multipart.multipart - DEBUG - Calling on_field_name with data[170:182]
[ 2025-02-14 17:41:54,343 ] python_multipart.multipart - DEBUG - Calling on_field_data with data[183:187]
[ 2025-02-14 17:41:54,344 ] python_multipart.multipart - DEBUG - Calling on_field_end with no data
[ 2025-02-14 17:41:54,344 ] python_multipart.multipart - DEBUG - Calling on_field_start with no data
[ 2025-02-14 17:41:54,344 ] python_multipart.multipart - DEBUG - Calling on_field_name with data[188:206]
[ 2025-02-14 17:41:54,344 ] python_multipart.multipart - DEBUG - Calling on_field_data with data[207:208]
[ 2025-02-14 17:41:54,344 ] python_multipart.multipart - DEBUG - Calling on_field_end with no data
[ 2025-02-14 17:41:54,344 ] python_multipart.multipart - DEBUG - Calling on_field_start with no data
[ 2025-02-14 17:41:54,345 ] python_multipart.multipart - DEBUG - Calling on_field_name with data[209:220]
[ 2025-02-14 17:41:54,345 ] python_multipart.multipart - DEBUG - Calling on_field_data with data[221:223]
[ 2025-02-14 17:41:54,345 ] python_multipart.multipart - DEBUG - Calling on_field_end with no data
[ 2025-02-14 17:41:54,345 ] python_multipart.multipart - DEBUG - Calling on_end with no data
[ 2025-02-14 17:41:54,345 ] root - INFO - Entered get_usvisa_data_as_dict method as USvisaData class
[ 2025-02-14 17:41:54,346 ] root - INFO - Created usvisa data dict
[ 2025-02-14 17:41:54,346 ] root - INFO - Exited get_usvisa_data_as_dict method as USvisaData class
[ 2025-02-14 17:41:54,348 ] root - INFO - Entered predict method of USvisaClassifier class
[ 2025-02-14 17:41:54,348 ] root - INFO - Entered the load_model method of S3Operations class
[ 2025-02-14 17:41:54,348 ] root - INFO - Entered the get_file_object method of S3Operations class
[ 2025-02-14 17:41:54,348 ] root - INFO - Entered the get_bucket method of S3Operations class
[ 2025-02-14 17:41:54,348 ] boto3.resources.factory - DEBUG - Loading s3:Bucket
[ 2025-02-14 17:41:54,349 ] boto3.resources.model - DEBUG - Renaming Bucket attribute name
[ 2025-02-14 17:41:54,351 ] botocore.hooks - DEBUG - Event creating-resource-class.s3.Bucket: calling handler <function lazy_call.<locals>._handler at 0x0000029B4435C940>
[ 2025-02-14 17:41:54,352 ] root - INFO - Exited the get_bucket method of S3Operations class
[ 2025-02-14 17:41:54,352 ] boto3.resources.collection - DEBUG - Calling paginated s3:list_objects with {'Bucket': 'usvisa-model2026', 'Prefix': 'model.pkl'}
[ 2025-02-14 17:41:54,353 ] botocore.hooks - DEBUG - Event before-parameter-build.s3.ListObjects: calling handler <function set_list_objects_encoding_type_url at 0x0000029B32E4C160>
[ 2025-02-14 17:41:54,353 ] botocore.hooks - DEBUG - Event before-parameter-build.s3.ListObjects: calling handler <function validate_bucket_name at 0x0000029B32E45E50>
[ 2025-02-14 17:41:54,353 ] botocore.hooks - DEBUG - Event before-parameter-build.s3.ListObjects: calling handler <function remove_bucket_from_url_paths_from_model at 0x0000029B32E4CD30>
[ 2025-02-14 17:41:54,353 ] botocore.hooks - DEBUG - Event before-parameter-build.s3.ListObjects: calling handler <bound method S3RegionRedirectorv2.annotate_request_context of <botocore.utils.S3RegionRedirectorv2 object at 0x0000029B44F1F5E0>>
[ 2025-02-14 17:41:54,353 ] botocore.hooks - DEBUG - Event before-parameter-build.s3.ListObjects: calling handler <bound method ClientCreator._inject_s3_input_parameters of <botocore.client.ClientCreator object at 0x0000029B4435D580>>
[ 2025-02-14 17:41:54,354 ] botocore.hooks - DEBUG - Event before-parameter-build.s3.ListObjects: calling handler <function generate_idempotent_uuid at 0x0000029B32E45CA0>
[ 2025-02-14 17:41:54,354 ] botocore.hooks - DEBUG - Event before-parameter-build.s3.ListObjects: calling handler <function _handle_request_validation_mode_member at 0x0000029B32E4D430>
[ 2025-02-14 17:41:54,354 ] botocore.hooks - DEBUG - Event before-endpoint-resolution.s3: calling handler <function customize_endpoint_resolver_builtins at 0x0000029B32E4CEE0>
[ 2025-02-14 17:41:54,354 ] botocore.hooks - DEBUG - Event before-endpoint-resolution.s3: calling handler <bound method S3RegionRedirectorv2.redirect_from_cache of <botocore.utils.S3RegionRedirectorv2 object at 0x0000029B44F1F5E0>>
[ 2025-02-14 17:41:54,355 ] botocore.regions - DEBUG - Calling endpoint provider with parameters: {'Bucket': 'usvisa-model2026', 'Region': 'eu-north-1', 'UseFIPS': False, 'UseDualStack': False, 'ForcePathStyle': False, 'Accelerate': False, 'UseGlobalEndpoint': False, 'Prefix': 'model.pkl', 'DisableMultiRegionAccessPoints': False, 'UseArnRegion': True}
[ 2025-02-14 17:41:54,355 ] botocore.regions - DEBUG - Endpoint provider result: https://usvisa-model2026.s3.eu-north-1.amazonaws.com
[ 2025-02-14 17:41:54,355 ] botocore.regions - DEBUG - Selecting from endpoint provider's list of auth schemes: "sigv4". User selected auth scheme is: "None"
[ 2025-02-14 17:41:54,355 ] botocore.regions - DEBUG - Selected auth type "v4" as "v4" with signing context params: {'region': 'eu-north-1', 'signing_name': 's3', 'disableDoubleEncoding': True}
[ 2025-02-14 17:41:54,356 ] botocore.hooks - DEBUG - Event before-call.s3.ListObjects: calling handler <function add_expect_header at 0x0000029B32E4A1F0>
[ 2025-02-14 17:41:54,356 ] botocore.hooks - DEBUG - Event before-call.s3.ListObjects: calling handler <bound method S3ExpressIdentityResolver.apply_signing_cache_key of <botocore.utils.S3ExpressIdentityResolver object at 0x0000029B44F1F6A0>>
[ 2025-02-14 17:41:54,356 ] botocore.hooks - DEBUG - Event before-call.s3.ListObjects: calling handler <function add_recursion_detection_header at 0x0000029B32E458B0>
[ 2025-02-14 17:41:54,356 ] botocore.hooks - DEBUG - Event before-call.s3.ListObjects: calling handler <function add_query_compatibility_header at 0x0000029B32E4D3A0>
[ 2025-02-14 17:41:54,356 ] botocore.hooks - DEBUG - Event before-call.s3.ListObjects: calling handler <function inject_api_version_header_if_needed at 0x0000029B32E4C550>
[ 2025-02-14 17:41:54,357 ] botocore.endpoint - DEBUG - Making request for OperationModel(name=ListObjects) with params: {'url_path': '', 'query_string': {'prefix': 'model.pkl', 'encoding-type': 'url'}, 'method': 'GET', 'headers': {'User-Agent': 'Boto3/1.36.20 md/Botocore#1.36.20 ua/2.0 os/windows#10 md/arch#amd64 lang/python#3.8.20 md/pyimpl#CPython cfg/retry-mode#legacy Botocore/1.36.20 Resource'}, 'body': b'', 'auth_path': '/usvisa-model2026/', 'url': 'https://usvisa-model2026.s3.eu-north-1.amazonaws.com/?prefix=model.pkl&encoding-type=url', 'context': {'client_region': 'eu-north-1', 'client_config': <botocore.config.Config object at 0x0000029B44EC7970>, 'has_streaming_input': False, 'auth_type': 'v4', 'unsigned_payload': None, 'encoding_type_auto_set': True, 's3_redirect': {'redirected': False, 'bucket': 'usvisa-model2026', 'params': {'Bucket': 'usvisa-model2026', 'Prefix': 'model.pkl', 'EncodingType': 'url'}}, 'input_params': {'Bucket': 'usvisa-model2026', 'Prefix': 'model.pkl'}, 'signing': {'region': 'eu-north-1', 'signing_name': 's3', 'disableDoubleEncoding': True}, 'endpoint_properties': {'authSchemes': [{'disableDoubleEncoding': True, 'name': 'sigv4', 'signingName': 's3', 'signingRegion': 'eu-north-1'}]}}}
[ 2025-02-14 17:41:54,357 ] botocore.hooks - DEBUG - Event request-created.s3.ListObjects: calling handler <bound method RequestSigner.handler of <botocore.signers.RequestSigner object at 0x0000029B44EC7610>>
[ 2025-02-14 17:41:54,357 ] botocore.hooks - DEBUG - Event choose-signer.s3.ListObjects: calling handler <function set_operation_specific_signer at 0x0000029B32E45AF0>
[ 2025-02-14 17:41:54,357 ] botocore.hooks - DEBUG - Event before-sign.s3.ListObjects: calling handler <function remove_arn_from_signing_path at 0x0000029B32E4CE50>
[ 2025-02-14 17:41:54,358 ] botocore.hooks - DEBUG - Event before-sign.s3.ListObjects: calling handler <function _set_extra_headers_for_unsigned_request at 0x0000029B32E4D4C0>
[ 2025-02-14 17:41:54,358 ] botocore.hooks - DEBUG - Event before-sign.s3.ListObjects: calling handler <bound method S3ExpressIdentityResolver.resolve_s3express_identity of <botocore.utils.S3ExpressIdentityResolver object at 0x0000029B44F1F6A0>>
[ 2025-02-14 17:41:54,358 ] botocore.auth - DEBUG - Calculating signature using v4 auth.
[ 2025-02-14 17:41:54,359 ] botocore.auth - DEBUG - CanonicalRequest:
GET
/
encoding-type=url&prefix=model.pkl
host:usvisa-model2026.s3.eu-north-1.amazonaws.com
x-amz-content-sha256:e3b0c44298fc1c149afbf4c8996fb92427ae41e4649b934ca495991b7852b855
x-amz-date:20250214T121154Z

host;x-amz-content-sha256;x-amz-date
e3b0c44298fc1c149afbf4c8996fb92427ae41e4649b934ca495991b7852b855
[ 2025-02-14 17:41:54,359 ] botocore.auth - DEBUG - StringToSign:
AWS4-HMAC-SHA256
20250214T121154Z
20250214/eu-north-1/s3/aws4_request
2aa310b3894d32511084930ba728bc595cad20fbfce0a61c8d9074b66729f29a
[ 2025-02-14 17:41:54,359 ] botocore.auth - DEBUG - Signature:
bbd40bd73ccbf823c1b77a199d6a39a3c7d14cc81df2b50c9b237571d4313203
[ 2025-02-14 17:41:54,359 ] botocore.hooks - DEBUG - Event request-created.s3.ListObjects: calling handler <function add_retry_headers at 0x0000029B32E4CCA0>
[ 2025-02-14 17:41:54,360 ] botocore.endpoint - DEBUG - Sending http request: <AWSPreparedRequest stream_output=False, method=GET, url=https://usvisa-model2026.s3.eu-north-1.amazonaws.com/?prefix=model.pkl&encoding-type=url, headers={'User-Agent': b'Boto3/1.36.20 md/Botocore#1.36.20 ua/2.0 os/windows#10 md/arch#amd64 lang/python#3.8.20 md/pyimpl#CPython cfg/retry-mode#legacy Botocore/1.36.20 Resource', 'X-Amz-Date': b'20250214T121154Z', 'X-Amz-Content-SHA256': b'e3b0c44298fc1c149afbf4c8996fb92427ae41e4649b934ca495991b7852b855', 'Authorization': b'AWS4-HMAC-SHA256 Credential=AKIAYHJANES2QVTSZRJQ/20250214/eu-north-1/s3/aws4_request, SignedHeaders=host;x-amz-content-sha256;x-amz-date, Signature=bbd40bd73ccbf823c1b77a199d6a39a3c7d14cc81df2b50c9b237571d4313203', 'amz-sdk-invocation-id': b'c53433b5-4202-4e33-bd27-038599d2d11c', 'amz-sdk-request': b'attempt=1'}>
[ 2025-02-14 17:41:54,360 ] botocore.httpsession - DEBUG - Certificate path: C:\Users\Swapna\anaconda3\envs\visa\lib\site-packages\certifi\cacert.pem
[ 2025-02-14 17:41:54,361 ] urllib3.connectionpool - DEBUG - Resetting dropped connection: usvisa-model2026.s3.eu-north-1.amazonaws.com
[ 2025-02-14 17:41:56,135 ] urllib3.connectionpool - DEBUG - https://usvisa-model2026.s3.eu-north-1.amazonaws.com:443 "GET /?prefix=model.pkl&encoding-type=url HTTP/1.1" 200 None
[ 2025-02-14 17:41:56,136 ] botocore.hooks - DEBUG - Event before-parse.s3.ListObjects: calling handler <function _handle_200_error at 0x0000029B32E4D1F0>
[ 2025-02-14 17:41:56,137 ] botocore.hooks - DEBUG - Event before-parse.s3.ListObjects: calling handler <function handle_expires_header at 0x0000029B32E4D040>
[ 2025-02-14 17:41:56,137 ] botocore.parsers - DEBUG - Response headers: {'x-amz-id-2': '2tZbDlt3aDcetSyl1u5T/qJvftK3VDKekAwZ0CKYIMex2qTCt5B16QbiBdqjWnVOric+EWMXtLKELAmOB+pVw8tBpWJsNPY/', 'x-amz-request-id': 'EZ79D42GPYJ8YDBJ', 'Date': 'Fri, 14 Feb 2025 12:11:56 GMT', 'x-amz-bucket-region': 'eu-north-1', 'Content-Type': 'application/xml', 'Transfer-Encoding': 'chunked', 'Server': 'AmazonS3'}
[ 2025-02-14 17:41:56,137 ] botocore.parsers - DEBUG - Response body:
b'<?xml version="1.0" encoding="UTF-8"?>\n<ListBucketResult xmlns="http://s3.amazonaws.com/doc/2006-03-01/"><Name>usvisa-model2026</Name><Prefix>model.pkl</Prefix><Marker></Marker><MaxKeys>1000</MaxKeys><EncodingType>url</EncodingType><IsTruncated>false</IsTruncated><Contents><Key>model.pkl</Key><LastModified>2025-02-14T11:04:34.000Z</LastModified><ETag>&quot;67622878bfc439a3f570664c83542fe1&quot;</ETag><ChecksumAlgorithm>CRC32</ChecksumAlgorithm><ChecksumType>FULL_OBJECT</ChecksumType><Size>2781856</Size><Owner><ID>da099bfafd1450fc97f7fef62e0d7844e801b654b68a5cded0253d35cc9989a0</ID></Owner><StorageClass>STANDARD</StorageClass></Contents></ListBucketResult>'
[ 2025-02-14 17:41:56,138 ] botocore.hooks - DEBUG - Event needs-retry.s3.ListObjects: calling handler <function _update_status_code at 0x0000029B32E4D310>
[ 2025-02-14 17:41:56,139 ] botocore.hooks - DEBUG - Event needs-retry.s3.ListObjects: calling handler <botocore.retryhandler.RetryHandler object at 0x0000029B44F1F580>
[ 2025-02-14 17:41:56,139 ] botocore.retryhandler - DEBUG - No retry needed.
[ 2025-02-14 17:41:56,139 ] botocore.hooks - DEBUG - Event needs-retry.s3.ListObjects: calling handler <bound method S3RegionRedirectorv2.redirect_from_error of <botocore.utils.S3RegionRedirectorv2 object at 0x0000029B44F1F5E0>>
[ 2025-02-14 17:41:56,139 ] botocore.hooks - DEBUG - Event after-call.s3.ListObjects: calling handler <function decode_list_object at 0x0000029B32E4C1F0>
[ 2025-02-14 17:41:56,140 ] boto3.resources.factory - DEBUG - Loading s3:ObjectSummary
[ 2025-02-14 17:41:56,140 ] boto3.resources.model - DEBUG - Renaming ObjectSummary attribute key
[ 2025-02-14 17:41:56,141 ] botocore.hooks - DEBUG - Event creating-resource-class.s3.ObjectSummary: calling handler <function lazy_call.<locals>._handler at 0x0000029B4435CA60>
[ 2025-02-14 17:41:56,142 ] root - INFO - Exited the get_file_object method of S3Operations class
[ 2025-02-14 17:41:56,142 ] root - INFO - Entered the read_object method of S3Operations class
[ 2025-02-14 17:41:56,142 ] root - INFO - Exited the read_object method of S3Operations class
[ 2025-02-14 17:41:56,142 ] boto3.resources.action - DEBUG - Calling s3:get_object with {'Bucket': 'usvisa-model2026', 'Key': 'model.pkl'}
[ 2025-02-14 17:41:56,142 ] botocore.hooks - DEBUG - Event before-parameter-build.s3.GetObject: calling handler <function sse_md5 at 0x0000029B32E45EE0>
[ 2025-02-14 17:41:56,143 ] botocore.hooks - DEBUG - Event before-parameter-build.s3.GetObject: calling handler <function validate_bucket_name at 0x0000029B32E45E50>
[ 2025-02-14 17:41:56,143 ] botocore.hooks - DEBUG - Event before-parameter-build.s3.GetObject: calling handler <function remove_bucket_from_url_paths_from_model at 0x0000029B32E4CD30>
[ 2025-02-14 17:41:56,143 ] botocore.hooks - DEBUG - Event before-parameter-build.s3.GetObject: calling handler <bound method S3RegionRedirectorv2.annotate_request_context of <botocore.utils.S3RegionRedirectorv2 object at 0x0000029B44F1F5E0>>
[ 2025-02-14 17:41:56,143 ] botocore.hooks - DEBUG - Event before-parameter-build.s3.GetObject: calling handler <bound method ClientCreator._inject_s3_input_parameters of <botocore.client.ClientCreator object at 0x0000029B4435D580>>
[ 2025-02-14 17:41:56,143 ] botocore.hooks - DEBUG - Event before-parameter-build.s3.GetObject: calling handler <function generate_idempotent_uuid at 0x0000029B32E45CA0>
[ 2025-02-14 17:41:56,143 ] botocore.hooks - DEBUG - Event before-parameter-build.s3.GetObject: calling handler <function _handle_request_validation_mode_member at 0x0000029B32E4D430>
[ 2025-02-14 17:41:56,144 ] botocore.hooks - DEBUG - Event before-endpoint-resolution.s3: calling handler <function customize_endpoint_resolver_builtins at 0x0000029B32E4CEE0>
[ 2025-02-14 17:41:56,144 ] botocore.hooks - DEBUG - Event before-endpoint-resolution.s3: calling handler <bound method S3RegionRedirectorv2.redirect_from_cache of <botocore.utils.S3RegionRedirectorv2 object at 0x0000029B44F1F5E0>>
[ 2025-02-14 17:41:56,144 ] botocore.regions - DEBUG - Calling endpoint provider with parameters: {'Bucket': 'usvisa-model2026', 'Region': 'eu-north-1', 'UseFIPS': False, 'UseDualStack': False, 'ForcePathStyle': False, 'Accelerate': False, 'UseGlobalEndpoint': False, 'Key': 'model.pkl', 'DisableMultiRegionAccessPoints': False, 'UseArnRegion': True}
[ 2025-02-14 17:41:56,144 ] botocore.regions - DEBUG - Endpoint provider result: https://usvisa-model2026.s3.eu-north-1.amazonaws.com
[ 2025-02-14 17:41:56,145 ] botocore.regions - DEBUG - Selecting from endpoint provider's list of auth schemes: "sigv4". User selected auth scheme is: "None"
[ 2025-02-14 17:41:56,145 ] botocore.regions - DEBUG - Selected auth type "v4" as "v4" with signing context params: {'region': 'eu-north-1', 'signing_name': 's3', 'disableDoubleEncoding': True}
[ 2025-02-14 17:41:56,146 ] botocore.hooks - DEBUG - Event before-call.s3.GetObject: calling handler <function add_expect_header at 0x0000029B32E4A1F0>
[ 2025-02-14 17:41:56,146 ] botocore.hooks - DEBUG - Event before-call.s3.GetObject: calling handler <bound method S3ExpressIdentityResolver.apply_signing_cache_key of <botocore.utils.S3ExpressIdentityResolver object at 0x0000029B44F1F6A0>>
[ 2025-02-14 17:41:56,146 ] botocore.hooks - DEBUG - Event before-call.s3.GetObject: calling handler <function add_recursion_detection_header at 0x0000029B32E458B0>
[ 2025-02-14 17:41:56,147 ] botocore.hooks - DEBUG - Event before-call.s3.GetObject: calling handler <function add_query_compatibility_header at 0x0000029B32E4D3A0>
[ 2025-02-14 17:41:56,147 ] botocore.hooks - DEBUG - Event before-call.s3.GetObject: calling handler <function inject_api_version_header_if_needed at 0x0000029B32E4C550>
[ 2025-02-14 17:41:56,147 ] botocore.endpoint - DEBUG - Making request for OperationModel(name=GetObject) with params: {'url_path': '/model.pkl', 'query_string': {}, 'method': 'GET', 'headers': {'x-amz-checksum-mode': 'ENABLED', 'User-Agent': 'Boto3/1.36.20 md/Botocore#1.36.20 ua/2.0 os/windows#10 md/arch#amd64 lang/python#3.8.20 md/pyimpl#CPython cfg/retry-mode#legacy Botocore/1.36.20 Resource'}, 'body': b'', 'auth_path': '/usvisa-model2026/model.pkl', 'url': 'https://usvisa-model2026.s3.eu-north-1.amazonaws.com/model.pkl', 'context': {'client_region': 'eu-north-1', 'client_config': <botocore.config.Config object at 0x0000029B44EC7970>, 'has_streaming_input': False, 'auth_type': 'v4', 'unsigned_payload': None, 's3_redirect': {'redirected': False, 'bucket': 'usvisa-model2026', 'params': {'Bucket': 'usvisa-model2026', 'Key': 'model.pkl', 'ChecksumMode': 'ENABLED'}}, 'input_params': {'Bucket': 'usvisa-model2026', 'Key': 'model.pkl'}, 'signing': {'region': 'eu-north-1', 'signing_name': 's3', 'disableDoubleEncoding': True}, 'endpoint_properties': {'authSchemes': [{'disableDoubleEncoding': True, 'name': 'sigv4', 'signingName': 's3', 'signingRegion': 'eu-north-1'}]}, 'checksum': {'response_algorithms': ['crc32', 'sha1', 'sha256']}}}
[ 2025-02-14 17:41:56,148 ] botocore.hooks - DEBUG - Event request-created.s3.GetObject: calling handler <bound method RequestSigner.handler of <botocore.signers.RequestSigner object at 0x0000029B44EC7610>>
[ 2025-02-14 17:41:56,148 ] botocore.hooks - DEBUG - Event choose-signer.s3.GetObject: calling handler <function set_operation_specific_signer at 0x0000029B32E45AF0>
[ 2025-02-14 17:41:56,148 ] botocore.hooks - DEBUG - Event before-sign.s3.GetObject: calling handler <function remove_arn_from_signing_path at 0x0000029B32E4CE50>
[ 2025-02-14 17:41:56,148 ] botocore.hooks - DEBUG - Event before-sign.s3.GetObject: calling handler <function _set_extra_headers_for_unsigned_request at 0x0000029B32E4D4C0>
[ 2025-02-14 17:41:56,148 ] botocore.hooks - DEBUG - Event before-sign.s3.GetObject: calling handler <bound method S3ExpressIdentityResolver.resolve_s3express_identity of <botocore.utils.S3ExpressIdentityResolver object at 0x0000029B44F1F6A0>>
[ 2025-02-14 17:41:56,149 ] botocore.auth - DEBUG - Calculating signature using v4 auth.
[ 2025-02-14 17:41:56,149 ] botocore.auth - DEBUG - CanonicalRequest:
GET
/model.pkl

host:usvisa-model2026.s3.eu-north-1.amazonaws.com
x-amz-checksum-mode:ENABLED
x-amz-content-sha256:e3b0c44298fc1c149afbf4c8996fb92427ae41e4649b934ca495991b7852b855
x-amz-date:20250214T121156Z

host;x-amz-checksum-mode;x-amz-content-sha256;x-amz-date
e3b0c44298fc1c149afbf4c8996fb92427ae41e4649b934ca495991b7852b855
[ 2025-02-14 17:41:56,149 ] botocore.auth - DEBUG - StringToSign:
AWS4-HMAC-SHA256
20250214T121156Z
20250214/eu-north-1/s3/aws4_request
e8bfd0484447a534328faa454cbb0dd1e4c3cb0f7063f41489e0d79bfc977ac8
[ 2025-02-14 17:41:56,150 ] botocore.auth - DEBUG - Signature:
b408b5afb4d2aa3f6d44a5d7181fbad197422270a976c02f2c83b0be4fcb51ce
[ 2025-02-14 17:41:56,150 ] botocore.hooks - DEBUG - Event request-created.s3.GetObject: calling handler <function add_retry_headers at 0x0000029B32E4CCA0>
[ 2025-02-14 17:41:56,150 ] botocore.endpoint - DEBUG - Sending http request: <AWSPreparedRequest stream_output=True, method=GET, url=https://usvisa-model2026.s3.eu-north-1.amazonaws.com/model.pkl, headers={'x-amz-checksum-mode': b'ENABLED', 'User-Agent': b'Boto3/1.36.20 md/Botocore#1.36.20 ua/2.0 os/windows#10 md/arch#amd64 lang/python#3.8.20 md/pyimpl#CPython cfg/retry-mode#legacy Botocore/1.36.20 Resource', 'X-Amz-Date': b'20250214T121156Z', 'X-Amz-Content-SHA256': b'e3b0c44298fc1c149afbf4c8996fb92427ae41e4649b934ca495991b7852b855', 'Authorization': b'AWS4-HMAC-SHA256 Credential=AKIAYHJANES2QVTSZRJQ/20250214/eu-north-1/s3/aws4_request, SignedHeaders=host;x-amz-checksum-mode;x-amz-content-sha256;x-amz-date, Signature=b408b5afb4d2aa3f6d44a5d7181fbad197422270a976c02f2c83b0be4fcb51ce', 'amz-sdk-invocation-id': b'56478cee-a3c2-4a6e-8655-c2b0e4706963', 'amz-sdk-request': b'attempt=1'}>
[ 2025-02-14 17:41:56,151 ] botocore.httpsession - DEBUG - Certificate path: C:\Users\Swapna\anaconda3\envs\visa\lib\site-packages\certifi\cacert.pem
[ 2025-02-14 17:41:56,481 ] urllib3.connectionpool - DEBUG - https://usvisa-model2026.s3.eu-north-1.amazonaws.com:443 "GET /model.pkl HTTP/1.1" 200 2781856
[ 2025-02-14 17:41:56,482 ] botocore.hooks - DEBUG - Event before-parse.s3.GetObject: calling handler <function _handle_200_error at 0x0000029B32E4D1F0>
[ 2025-02-14 17:41:56,482 ] botocore.hooks - DEBUG - Event before-parse.s3.GetObject: calling handler <function handle_expires_header at 0x0000029B32E4D040>
[ 2025-02-14 17:41:56,483 ] botocore.parsers - DEBUG - Response headers: {'x-amz-id-2': 'x2TQ39Em+IPvz+gxlRRX9ooWEg8bZ9Bu8OAxPULSLk0cJ0Bulms7KHR8vYgiSut3W2jqEuWUhmMbzJCC3pIgZtAiha8UubCQ', 'x-amz-request-id': 'EZ71KS7MHB399310', 'Date': 'Fri, 14 Feb 2025 12:11:56 GMT', 'Last-Modified': 'Fri, 14 Feb 2025 11:04:34 GMT', 'ETag': '"67622878bfc439a3f570664c83542fe1"', 'x-amz-checksum-crc32': 'Wf70MA==', 'x-amz-checksum-type': 'FULL_OBJECT', 'x-amz-server-side-encryption': 'AES256', 'Accept-Ranges': 'bytes', 'Content-Type': 'binary/octet-stream', 'Content-Length': '2781856', 'Server': 'AmazonS3'}
[ 2025-02-14 17:41:56,483 ] botocore.parsers - DEBUG - Response body:
<botocore.httpchecksum.StreamingChecksumBody object at 0x0000029B4509CA60>
[ 2025-02-14 17:41:56,484 ] botocore.hooks - DEBUG - Event needs-retry.s3.GetObject: calling handler <function _update_status_code at 0x0000029B32E4D310>
[ 2025-02-14 17:41:56,484 ] botocore.hooks - DEBUG - Event needs-retry.s3.GetObject: calling handler <botocore.retryhandler.RetryHandler object at 0x0000029B44F1F580>
[ 2025-02-14 17:41:56,484 ] botocore.retryhandler - DEBUG - No retry needed.
[ 2025-02-14 17:41:56,485 ] botocore.hooks - DEBUG - Event needs-retry.s3.GetObject: calling handler <bound method S3RegionRedirectorv2.redirect_from_error of <botocore.utils.S3RegionRedirectorv2 object at 0x0000029B44F1F5E0>>
[ 2025-02-14 17:41:56,485 ] boto3.resources.action - DEBUG - Response: {'ResponseMetadata': {'RequestId': 'EZ71KS7MHB399310', 'HostId': 'x2TQ39Em+IPvz+gxlRRX9ooWEg8bZ9Bu8OAxPULSLk0cJ0Bulms7KHR8vYgiSut3W2jqEuWUhmMbzJCC3pIgZtAiha8UubCQ', 'HTTPStatusCode': 200, 'HTTPHeaders': {'x-amz-id-2': 'x2TQ39Em+IPvz+gxlRRX9ooWEg8bZ9Bu8OAxPULSLk0cJ0Bulms7KHR8vYgiSut3W2jqEuWUhmMbzJCC3pIgZtAiha8UubCQ', 'x-amz-request-id': 'EZ71KS7MHB399310', 'date': 'Fri, 14 Feb 2025 12:11:56 GMT', 'last-modified': 'Fri, 14 Feb 2025 11:04:34 GMT', 'etag': '"67622878bfc439a3f570664c83542fe1"', 'x-amz-checksum-crc32': 'Wf70MA==', 'x-amz-checksum-type': 'FULL_OBJECT', 'x-amz-server-side-encryption': 'AES256', 'accept-ranges': 'bytes', 'content-type': 'binary/octet-stream', 'content-length': '2781856', 'server': 'AmazonS3'}, 'ChecksumAlgorithm': 'crc32', 'RetryAttempts': 0}, 'AcceptRanges': 'bytes', 'LastModified': datetime.datetime(2025, 2, 14, 11, 4, 34, tzinfo=tzutc()), 'ContentLength': 2781856, 'ETag': '"67622878bfc439a3f570664c83542fe1"', 'ChecksumCRC32': 'Wf70MA==', 'ChecksumType': 'FULL_OBJECT', 'ContentType': 'binary/octet-stream', 'ServerSideEncryption': 'AES256', 'Metadata': {}, 'Body': <botocore.httpchecksum.StreamingChecksumBody object at 0x0000029B4509CA60>}
[ 2025-02-14 17:41:58,277 ] root - INFO - Exited the load_model method of S3Operations class
[ 2025-02-14 17:41:58,278 ] root - INFO - Entered predict method of UTruckModel class
[ 2025-02-14 17:41:58,278 ] root - INFO - Using the trained model to get predictions
[ 2025-02-14 17:41:58,297 ] root - INFO - Used the trained model to get predictions
